[    0.000000] Linux version 4.15.0-143-generic (buildd@lcy01-amd64-001) (gcc version 7.5.0 (Ubuntu 7.5.0-3ubuntu1~18.04)) #147-Ubuntu SMP Wed Apr 14 16:10:11 UTC 2021 (Ubuntu 4.15.0-143.147-generic 4.15.18)
[    0.000000] Command line: BOOT_IMAGE=/boot/vmlinuz-4.15.0-143-generic root=LABEL=cloudimg-rootfs ro console=tty1 console=ttyS0
[    0.000000] KERNEL supported cpus:
[    0.000000]   Intel GenuineIntel
[    0.000000]   AMD AuthenticAMD
[    0.000000]   Centaur CentaurHauls
[    0.000000] x86/fpu: Supporting XSAVE feature 0x001: 'x87 floating point registers'
[    0.000000] x86/fpu: Supporting XSAVE feature 0x002: 'SSE registers'
[    0.000000] x86/fpu: Supporting XSAVE feature 0x004: 'AVX registers'
[    0.000000] x86/fpu: xstate_offset[2]:  576, xstate_sizes[2]:  256
[    0.000000] x86/fpu: Enabled xstate features 0x7, context size is 832 bytes, using 'standard' format.
[    0.000000] e820: BIOS-provided physical RAM map:
[    0.000000] BIOS-e820: [mem 0x0000000000000000-0x000000000009fbff] usable
[    0.000000] BIOS-e820: [mem 0x000000000009fc00-0x000000000009ffff] reserved
[    0.000000] BIOS-e820: [mem 0x00000000000f0000-0x00000000000fffff] reserved
[    0.000000] BIOS-e820: [mem 0x0000000000100000-0x000000003ffeffff] usable
[    0.000000] BIOS-e820: [mem 0x000000003fff0000-0x000000003fffffff] ACPI data
[    0.000000] BIOS-e820: [mem 0x00000000fec00000-0x00000000fec00fff] reserved
[    0.000000] BIOS-e820: [mem 0x00000000fee00000-0x00000000fee00fff] reserved
[    0.000000] BIOS-e820: [mem 0x00000000fffc0000-0x00000000ffffffff] reserved
[    0.000000] NX (Execute Disable) protection: active
[    0.000000] SMBIOS 2.5 present.
[    0.000000] DMI: innotek GmbH VirtualBox/VirtualBox, BIOS VirtualBox 12/01/2006
[    0.000000] Hypervisor detected: KVM
[    0.000000] e820: last_pfn = 0x3fff0 max_arch_pfn = 0x400000000
[    0.000000] MTRR: Disabled
[    0.000000] x86/PAT: MTRRs disabled, skipping PAT initialization too.
[    0.000000] CPU MTRRs all blank - virtualized system.
[    0.000000] x86/PAT: Configuration [0-7]: WB  WT  UC- UC  WB  WT  UC- UC  
[    0.000000] found SMP MP-table at [mem 0x0009fff0-0x0009ffff]
[    0.000000] Scanning 1 areas for low memory corruption
[    0.000000] RAMDISK: [mem 0x359d1000-0x36cdffff]
[    0.000000] ACPI: Early table checksum verification disabled
[    0.000000] ACPI: RSDP 0x00000000000E0000 000024 (v02 VBOX  )
[    0.000000] ACPI: XSDT 0x000000003FFF0030 00003C (v01 VBOX   VBOXXSDT 00000001 ASL  00000061)
[    0.000000] ACPI: FACP 0x000000003FFF00F0 0000F4 (v04 VBOX   VBOXFACP 00000001 ASL  00000061)
[    0.000000] ACPI: DSDT 0x000000003FFF0470 002325 (v02 VBOX   VBOXBIOS 00000002 INTL 20100528)
[    0.000000] ACPI: FACS 0x000000003FFF0200 000040
[    0.000000] ACPI: FACS 0x000000003FFF0200 000040
[    0.000000] ACPI: APIC 0x000000003FFF0240 000054 (v02 VBOX   VBOXAPIC 00000001 ASL  00000061)
[    0.000000] ACPI: SSDT 0x000000003FFF02A0 0001CC (v01 VBOX   VBOXCPUT 00000002 INTL 20100528)
[    0.000000] No NUMA configuration found
[    0.000000] Faking a node at [mem 0x0000000000000000-0x000000003ffeffff]
[    0.000000] NODE_DATA(0) allocated [mem 0x3ffc5000-0x3ffeffff]
[    0.000000] kvm-clock: cpu 0, msr 0:3ff44001, primary cpu clock
[    0.000000] kvm-clock: Using msrs 4b564d01 and 4b564d00
[    0.000000] kvm-clock: using sched offset of 5577495195 cycles
[    0.000000] clocksource: kvm-clock: mask: 0xffffffffffffffff max_cycles: 0x1cd42e4dffb, max_idle_ns: 881590591483 ns
[    0.000000] Zone ranges:
[    0.000000]   DMA      [mem 0x0000000000001000-0x0000000000ffffff]
[    0.000000]   DMA32    [mem 0x0000000001000000-0x000000003ffeffff]
[    0.000000]   Normal   empty
[    0.000000]   Device   empty
[    0.000000] Movable zone start for each node
[    0.000000] Early memory node ranges
[    0.000000]   node   0: [mem 0x0000000000001000-0x000000000009efff]
[    0.000000]   node   0: [mem 0x0000000000100000-0x000000003ffeffff]
[    0.000000] Reserved but unavailable: 98 pages
[    0.000000] Initmem setup node 0 [mem 0x0000000000001000-0x000000003ffeffff]
[    0.000000] ACPI: PM-Timer IO Port: 0x4008
[    0.000000] IOAPIC[0]: apic_id 1, version 32, address 0xfec00000, GSI 0-23
[    0.000000] ACPI: INT_SRC_OVR (bus 0 bus_irq 0 global_irq 2 dfl dfl)
[    0.000000] ACPI: INT_SRC_OVR (bus 0 bus_irq 9 global_irq 9 low level)
[    0.000000] Using ACPI (MADT) for SMP configuration information
[    0.000000] smpboot: Allowing 1 CPUs, 0 hotplug CPUs
[    0.000000] PM: Registered nosave memory: [mem 0x00000000-0x00000fff]
[    0.000000] PM: Registered nosave memory: [mem 0x0009f000-0x0009ffff]
[    0.000000] PM: Registered nosave memory: [mem 0x000a0000-0x000effff]
[    0.000000] PM: Registered nosave memory: [mem 0x000f0000-0x000fffff]
[    0.000000] e820: [mem 0x40000000-0xfebfffff] available for PCI devices
[    0.000000] Booting paravirtualized kernel on KVM
[    0.000000] clocksource: refined-jiffies: mask: 0xffffffff max_cycles: 0xffffffff, max_idle_ns: 7645519600211568 ns
[    0.000000] random: get_random_bytes called from start_kernel+0x99/0x500 with crng_init=0
[    0.000000] setup_percpu: NR_CPUS:8192 nr_cpumask_bits:1 nr_cpu_ids:1 nr_node_ids:1
[    0.000000] percpu: Embedded 45 pages/cpu s147456 r8192 d28672 u2097152
[    0.000000] PV qspinlock hash table entries: 256 (order: 0, 4096 bytes)
[    0.000000] Built 1 zonelists, mobility grouping on.  Total pages: 257913
[    0.000000] Policy zone: DMA32
[    0.000000] Kernel command line: BOOT_IMAGE=/boot/vmlinuz-4.15.0-143-generic root=LABEL=cloudimg-rootfs ro console=tty1 console=ttyS0
[    0.000000] Memory: 982904K/1048120K available (12300K kernel code, 2483K rwdata, 4316K rodata, 2444K init, 2724K bss, 65216K reserved, 0K cma-reserved)
[    0.000000] SLUB: HWalign=64, Order=0-3, MinObjects=0, CPUs=1, Nodes=1
[    0.000000] Kernel/User page tables isolation: enabled
[    0.000000] ftrace: allocating 39437 entries in 155 pages
[    0.004000] Hierarchical RCU implementation.
[    0.004000] 	RCU restricting CPUs from NR_CPUS=8192 to nr_cpu_ids=1.
[    0.004000] 	Tasks RCU enabled.
[    0.004000] RCU: Adjusting geometry for rcu_fanout_leaf=16, nr_cpu_ids=1
[    0.004000] NR_IRQS: 524544, nr_irqs: 256, preallocated irqs: 16
[    0.004000] Console: colour VGA+ 80x25
[    0.004000] console [tty1] enabled
[    0.004000] console [ttyS0] enabled
[    0.004000] ACPI: Core revision 20170831
[    0.004000] ACPI: 2 ACPI AML tables successfully acquired and loaded
[    0.004000] APIC: Switch to symmetric I/O mode setup
[    0.004000] x2apic enabled
[    0.004000] Switched APIC routing to physical x2apic.
[    0.004000] ..TIMER: vector=0x30 apic1=0 pin1=2 apic2=-1 pin2=-1
[    0.004004] tsc: Detected 2591.998 MHz processor
[    0.008009] Calibrating delay loop (skipped) preset value.. 5183.99 BogoMIPS (lpj=10367992)
[    0.012023] pid_max: default: 32768 minimum: 301
[    0.014030] Security Framework initialized
[    0.016003] Yama: becoming mindful.
[    0.017331] AppArmor: AppArmor initialized
[    0.020000] Dentry cache hash table entries: 131072 (order: 8, 1048576 bytes)
[    0.020197] Inode-cache hash table entries: 65536 (order: 7, 524288 bytes)
[    0.024037] Mount-cache hash table entries: 2048 (order: 2, 16384 bytes)
[    0.028093] Mountpoint-cache hash table entries: 2048 (order: 2, 16384 bytes)
[    0.032787] process: using mwait in idle threads
[    0.036017] Last level iTLB entries: 4KB 64, 2MB 8, 4MB 8
[    0.040003] Last level dTLB entries: 4KB 64, 2MB 0, 4MB 0, 1GB 4
[    0.044003] Spectre V1 : Mitigation: usercopy/swapgs barriers and __user pointer sanitization
[    0.046324] Spectre V2 : Mitigation: Full generic retpoline
[    0.048002] Spectre V2 : Spectre v2 / SpectreRSB mitigation: Filling RSB on context switch
[    0.050012] Speculative Store Bypass: Vulnerable
[    0.051221] SRBDS: Unknown: Dependent on hypervisor status
[    0.052002] MDS: Mitigation: Clear CPU buffers
[    0.068346] Freeing SMP alternatives memory: 36K
[    0.181605] smpboot: CPU0: Intel(R) Core(TM) i7-9750H CPU @ 2.60GHz (family: 0x6, model: 0x9e, stepping: 0xa)
[    0.184000] Performance Events: unsupported p6 CPU model 158 no PMU driver, software events only.
[    0.184084] Hierarchical SRCU implementation.
[    0.189414] NMI watchdog: Perf event create on CPU 0 failed with -2
[    0.192005] NMI watchdog: Perf NMI watchdog permanently disabled
[    0.196083] smp: Bringing up secondary CPUs ...
[    0.198502] smp: Brought up 1 node, 1 CPU
[    0.200007] smpboot: Max logical packages: 1
[    0.204009] smpboot: Total of 1 processors activated (5183.99 BogoMIPS)
[    0.208201] devtmpfs: initialized
[    0.212150] x86/mm: Memory block size: 128MB
[    0.214678] evm: security.selinux
[    0.215680] evm: security.SMACK64
[    0.216008] evm: security.SMACK64EXEC
[    0.217448] evm: security.SMACK64TRANSMUTE
[    0.218645] evm: security.SMACK64MMAP
[    0.220003] evm: security.apparmor
[    0.220973] evm: security.ima
[    0.221919] evm: security.capability
[    0.223222] clocksource: jiffies: mask: 0xffffffff max_cycles: 0xffffffff, max_idle_ns: 7645041785100000 ns
[    0.224013] futex hash table entries: 256 (order: 2, 16384 bytes)
[    0.228368] pinctrl core: initialized pinctrl subsystem
[    0.230257] RTC time: 12:53:47, date: 05/25/21
[    0.232086] NET: Registered protocol family 16
[    0.233709] audit: initializing netlink subsys (disabled)
[    0.236141] cpuidle: using governor ladder
[    0.237501] cpuidle: using governor menu
[    0.240009] audit: type=2000 audit(1621947233.940:1): state=initialized audit_enabled=0 res=1
[    0.242434] ACPI: bus type PCI registered
[    0.244005] acpiphp: ACPI Hot Plug PCI Controller Driver version: 0.5
[    0.248342] PCI: Using configuration type 1 for base access
[    0.252456] HugeTLB registered 2.00 MiB page size, pre-allocated 0 pages
[    0.256165] ACPI: Added _OSI(Module Device)
[    0.260007] ACPI: Added _OSI(Processor Device)
[    0.261519] ACPI: Added _OSI(3.0 _SCP Extensions)
[    0.262559] ACPI: Added _OSI(Processor Aggregator Device)
[    0.264044] ACPI: Added _OSI(Linux-Dell-Video)
[    0.265785] ACPI: Added _OSI(Linux-Lenovo-NV-HDMI-Audio)
[    0.268004] ACPI: Added _OSI(Linux-HPI-Hybrid-Graphics)
[    0.272332] ACPI: Executed 1 blocks of module-level executable AML code
[    0.282182] ACPI: Interpreter enabled
[    0.284021] ACPI: (supports S0 S5)
[    0.285420] ACPI: Using IOAPIC for interrupt routing
[    0.288392] PCI: Using host bridge windows from ACPI; if necessary, use "pci=nocrs" and report a bug
[    0.291844] ACPI: Enabled 2 GPEs in block 00 to 07
[    0.306260] ACPI: PCI Root Bridge [PCI0] (domain 0000 [bus 00-ff])
[    0.307751] acpi PNP0A03:00: _OSC: OS supports [ASPM ClockPM Segments MSI]
[    0.308689] acpi PNP0A03:00: _OSC: not requesting OS control; OS requires [ExtendedConfig ASPM ClockPM MSI]
[    0.312014] acpi PNP0A03:00: fail to add MMCONFIG information, can't access extended PCI configuration space under this bridge.
[    0.316456] PCI host bridge to bus 0000:00
[    0.317502] pci_bus 0000:00: root bus resource [io  0x0000-0x0cf7 window]
[    0.319404] pci_bus 0000:00: root bus resource [io  0x0d00-0xffff window]
[    0.320003] pci_bus 0000:00: root bus resource [mem 0x000a0000-0x000bffff window]
[    0.322399] pci_bus 0000:00: root bus resource [mem 0x40000000-0xfdffffff window]
[    0.324007] pci_bus 0000:00: root bus resource [bus 00-ff]
[    0.329926] pci 0000:00:01.1: legacy IDE quirk: reg 0x10: [io  0x01f0-0x01f7]
[    0.332003] pci 0000:00:01.1: legacy IDE quirk: reg 0x14: [io  0x03f6]
[    0.333374] pci 0000:00:01.1: legacy IDE quirk: reg 0x18: [io  0x0170-0x0177]
[    0.336003] pci 0000:00:01.1: legacy IDE quirk: reg 0x1c: [io  0x0376]
[    0.361815] pci 0000:00:07.0: quirk: [io  0x4000-0x403f] claimed by PIIX4 ACPI
[    0.364048] pci 0000:00:07.0: quirk: [io  0x4100-0x410f] claimed by PIIX4 SMB
[    0.386558] ACPI: PCI Interrupt Link [LNKA] (IRQs 5 9 10 *11)
[    0.388973] ACPI: PCI Interrupt Link [LNKB] (IRQs 5 9 *10 11)
[    0.392393] ACPI: PCI Interrupt Link [LNKC] (IRQs 5 *9 10 11)
[    0.396132] ACPI: PCI Interrupt Link [LNKD] (IRQs 5 9 10 *11)
[    0.398954] SCSI subsystem initialized
[    0.400165] pci 0000:00:02.0: vgaarb: setting as boot VGA device
[    0.402251] pci 0000:00:02.0: vgaarb: VGA device added: decodes=io+mem,owns=io+mem,locks=none
[    0.404008] pci 0000:00:02.0: vgaarb: bridge control possible
[    0.406623] vgaarb: loaded
[    0.408068] ACPI: bus type USB registered
[    0.410474] usbcore: registered new interface driver usbfs
[    0.412026] usbcore: registered new interface driver hub
[    0.416016] usbcore: registered new device driver usb
[    0.418338] EDAC MC: Ver: 3.0.0
[    0.420672] PCI: Using ACPI for IRQ routing
[    0.422778] NetLabel: Initializing
[    0.424004] NetLabel:  domain hash size = 128
[    0.425548] NetLabel:  protocols = UNLABELED CIPSOv4 CALIPSO
[    0.428072] NetLabel:  unlabeled traffic allowed by default
[    0.430650] clocksource: Switched to clocksource kvm-clock
[    0.476069] VFS: Disk quotas dquot_6.6.0
[    0.479180] VFS: Dquot-cache hash table entries: 512 (order 0, 4096 bytes)
[    0.483830] AppArmor: AppArmor Filesystem Enabled
[    0.486882] pnp: PnP ACPI init
[    0.492593] pnp: PnP ACPI: found 3 devices
[    0.502988] clocksource: acpi_pm: mask: 0xffffff max_cycles: 0xffffff, max_idle_ns: 2085701024 ns
[    0.509245] NET: Registered protocol family 2
[    0.512255] TCP established hash table entries: 8192 (order: 4, 65536 bytes)
[    0.516272] TCP bind hash table entries: 8192 (order: 5, 131072 bytes)
[    0.519510] TCP: Hash tables configured (established 8192 bind 8192)
[    0.522213] UDP hash table entries: 512 (order: 2, 16384 bytes)
[    0.524946] UDP-Lite hash table entries: 512 (order: 2, 16384 bytes)
[    0.528628] NET: Registered protocol family 1
[    0.531515] pci 0000:00:00.0: Limiting direct PCI/PCI transfers
[    0.535061] pci 0000:00:01.0: Activating ISA DMA hang workarounds
[    0.538634] pci 0000:00:02.0: Video device with shadowed ROM at [mem 0x000c0000-0x000dffff]
[    0.542652] Unpacking initramfs...
[    1.450586] Freeing initrd memory: 19516K
[    1.452673] clocksource: tsc: mask: 0xffffffffffffffff max_cycles: 0x255cb518234, max_idle_ns: 440795279333 ns
[    1.456745] platform rtc_cmos: registered platform RTC device (no PNP device found)
[    1.460115] Scanning for low memory corruption every 60 seconds
[    1.463664] Initialise system trusted keyrings
[    1.465992] Key type blacklist registered
[    1.469085] workingset: timestamp_bits=36 max_order=18 bucket_order=0
[    1.476751] zbud: loaded
[    1.479242] squashfs: version 4.0 (2009/01/31) Phillip Lougher
[    1.483550] fuse init (API version 7.26)
[    1.488765] Key type asymmetric registered
[    1.491792] Asymmetric key parser 'x509' registered
[    1.495474] Block layer SCSI generic (bsg) driver version 0.4 loaded (major 246)
[    1.500900] io scheduler noop registered
[    1.503723] io scheduler deadline registered
[    1.507077] io scheduler cfq registered (default)
[    1.510816] ACPI: AC Adapter [AC] (off-line)
[    1.514278] input: Power Button as /devices/LNXSYSTM:00/LNXPWRBN:00/input/input0
[    1.519714] ACPI: Power Button [PWRF]
[    1.522814] input: Sleep Button as /devices/LNXSYSTM:00/LNXSLPBN:00/input/input1
[    1.528426] ACPI: Sleep Button [SLPF]
[    1.534026] ACPI: Battery Slot [BAT0] (battery present)
[    1.538026] Serial: 8250/16550 driver, 32 ports, IRQ sharing enabled
[    1.565760] 00:02: ttyS0 at I/O 0x3f8 (irq = 4, base_baud = 115200) is a 16550A
[    1.574431] Linux agpgart interface v0.103
[    1.579695] loop: module loaded
[    1.582142] scsi host0: ata_piix
[    1.583999] scsi host1: ata_piix
[    1.585704] ata1: PATA max UDMA/33 cmd 0x1f0 ctl 0x3f6 bmdma 0xd000 irq 14
[    1.589034] ata2: PATA max UDMA/33 cmd 0x170 ctl 0x376 bmdma 0xd008 irq 15
[    1.593490] libphy: Fixed MDIO Bus: probed
[    1.595788] tun: Universal TUN/TAP device driver, 1.6
[    1.598725] PPP generic driver version 2.4.2
[    1.600480] ehci_hcd: USB 2.0 'Enhanced' Host Controller (EHCI) Driver
[    1.603064] ehci-pci: EHCI PCI platform driver
[    1.604522] ehci-platform: EHCI generic platform driver
[    1.605819] ohci_hcd: USB 1.1 'Open' Host Controller (OHCI) Driver
[    1.607314] ohci-pci: OHCI PCI platform driver
[    1.608443] ohci-platform: OHCI generic platform driver
[    1.609762] uhci_hcd: USB Universal Host Controller Interface driver
[    1.611275] i8042: PNP: PS/2 Controller [PNP0303:PS2K,PNP0f03:PS2M] at 0x60,0x64 irq 1,12
[    1.613671] serio: i8042 KBD port at 0x60,0x64 irq 1
[    1.614777] serio: i8042 AUX port at 0x60,0x64 irq 12
[    1.616488] mousedev: PS/2 mouse device common for all mice
[    1.633372] input: AT Translated Set 2 keyboard as /devices/platform/i8042/serio0/input/input2
[    1.639396] rtc_cmos rtc_cmos: rtc core: registered rtc_cmos as rtc0
[    1.642823] rtc_cmos rtc_cmos: alarms up to one day, 114 bytes nvram
[    1.645883] i2c /dev entries driver
[    1.647743] device-mapper: uevent: version 1.0.3
[    1.650330] device-mapper: ioctl: 4.37.0-ioctl (2017-09-20) initialised: dm-devel@redhat.com
[    1.654435] ledtrig-cpu: registered to indicate activity on CPUs
[    1.657725] intel_pmc_core:  initialized
[    1.660014] NET: Registered protocol family 10
[    1.667237] Segment Routing with IPv6
[    1.669316] NET: Registered protocol family 17
[    1.671460] Key type dns_resolver registered
[    1.673512] mce: Using 0 MCE banks
[    1.674804] RAS: Correctable Errors collector initialized.
[    1.677330] sched_clock: Marking stable (1677294453, 0)->(2103391624, -426097171)
[    1.681267] registered taskstats version 1
[    1.683068] Loading compiled-in X.509 certificates
[    1.688889] Loaded X.509 cert 'Build time autogenerated kernel key: de118354fe72448b469776565e76ac30c08e8db2'
[    1.693240] Loaded X.509 cert 'Canonical Ltd. Live Patch Signing: 14df34d1a87cf37625abec039ef2bf521249b969'
[    1.697385] Loaded X.509 cert 'Canonical Ltd. Kernel Module Signing: 88f752e560a1e0737e31163a466ad7b70a850c19'
[    1.700373] zswap: loaded using pool lzo/zbud
[    1.705047] Key type big_key registered
[    1.706070] Key type trusted registered
[    1.708740] Key type encrypted registered
[    1.709956] AppArmor: AppArmor sha1 policy hashing enabled
[    1.711495] ima: No TPM chip found, activating TPM-bypass! (rc=-19)
[    1.713351] ima: Allocated hash algorithm: sha1
[    1.714454] evm: HMAC attrs: 0x1
[    1.715573]   Magic number: 5:484:886
[    1.716712] rtc_cmos rtc_cmos: setting system clock to 2021-05-25 12:53:48 UTC (1621947228)
[    1.719173] BIOS EDD facility v0.16 2004-Jun-25, 0 devices found
[    1.721817] EDD information not available.
[    1.790347] Freeing unused kernel image memory: 2444K
[    1.800194] Write protecting the kernel read-only data: 20480k
[    1.804291] Freeing unused kernel image memory: 2008K
[    1.807428] Freeing unused kernel image memory: 1828K
[    1.829015] x86/mm: Checked W+X mappings: passed, no W+X pages found.
[    1.831851] x86/mm: Checking user space page tables
[    1.856334] x86/mm: Checked W+X mappings: passed, no W+X pages found.
Loading, please wait...
starting version 237
[    2.110240] Fusion MPT base driver 3.04.20
[    2.111970] Copyright (c) 1999-2008 LSI Corporation
[    2.120625] e1000: Intel(R) PRO/1000 Network Driver - version 7.3.21-k8-NAPI
[    2.123040] e1000: Copyright (c) 1999-2006 Intel Corporation.
[    2.142695] Fusion MPT SPI Host driver 3.04.20
[    2.260126] AVX2 version of gcm_enc/dec engaged.
[    2.262113] AES CTR mode by8 optimization enabled
[    2.328415] input: ImExPS/2 Generic Explorer Mouse as /devices/platform/i8042/serio1/input/input4
[    2.742554] e1000 0000:00:03.0 eth0: (PCI:33MHz:32-bit) 02:79:d1:66:99:96
[    2.745470] e1000 0000:00:03.0 eth0: Intel(R) PRO/1000 Network Connection
[    2.750090] mptbase: ioc0: Initiating bringup
[    2.849411] ioc0: LSI53C1030 A0: Capabilities={Initiator}
[    3.095835] scsi host2: ioc0: LSI53C1030 A0, FwRev=00000000h, Ports=1, MaxQ=256, IRQ=20
[    3.264665] scsi 2:0:0:0: Direct-Access     VBOX     HARDDISK         1.0  PQ: 0 ANSI: 5
[    3.270564] scsi target2:0:0: Beginning Domain Validation
[    3.274811] random: fast init done
[    3.276734] scsi target2:0:0: Domain Validation skipping write tests
[    3.278906] scsi target2:0:0: Ending Domain Validation
[    3.280720] scsi target2:0:0: asynchronous
[    3.282973] scsi 2:0:1:0: Direct-Access     VBOX     HARDDISK         1.0  PQ: 0 ANSI: 5
[    3.285282] scsi target2:0:1: Beginning Domain Validation
[    3.288375] scsi target2:0:1: Domain Validation skipping write tests
[    3.290875] scsi target2:0:1: Ending Domain Validation
[    3.293240] scsi target2:0:1: asynchronous
[    3.300965] random: systemd-udevd: uninitialized urandom read (16 bytes read)
[    3.303254] random: systemd-udevd: uninitialized urandom read (16 bytes read)
[    3.305909] sd 2:0:0:0: Attached scsi generic sg0 type 0
[    3.312872] sd 2:0:0:0: [sda] 83886080 512-byte logical blocks: (42.9 GB/40.0 GiB)
[    3.317433] sd 2:0:1:0: Attached scsi generic sg1 type 0
[    3.320497] sd 2:0:0:0: [sda] Write Protect is off
[    3.322074] sd 2:0:1:0: [sdb] 20480 512-byte logical blocks: (10.5 MB/10.0 MiB)
[    3.324570] random: systemd-udevd: uninitialized urandom read (16 bytes read)
[    3.327883] sd 2:0:0:0: [sda] Incomplete mode parameter data
[    3.330833] sd 2:0:0:0: [sda] Assuming drive cache: write through
[    3.332902] sd 2:0:1:0: [sdb] Write Protect is off
[    3.340021] sd 2:0:1:0: [sdb] Incomplete mode parameter data
[    3.341330] sd 2:0:1:0: [sdb] Assuming drive cache: write through
[    3.350570]  sda: sda1
[    3.351858] sd 2:0:0:0: [sda] Attached SCSI disk
[    3.354698] sd 2:0:1:0: [sdb] Attached SCSI disk
[    3.838872] e1000 0000:00:08.0 eth1: (PCI:33MHz:32-bit) 08:00:27:fc:a0:29
[    3.841199] e1000 0000:00:08.0 eth1: Intel(R) PRO/1000 Network Connection
[    3.846312] e1000 0000:00:08.0 enp0s8: renamed from eth1
[    3.850057] e1000 0000:00:03.0 enp0s3: renamed from eth0
Begin: Loading essential drivers ... [    5.688115] raid6: sse2x1   gen()  6142 MB/s
[    5.736274] raid6: sse2x1   xor()  3817 MB/s
[    5.784505] raid6: sse2x2   gen()  3914 MB/s
[    5.832216] raid6: sse2x2   xor()  2559 MB/s
[    5.880428] raid6: sse2x4   gen()  4861 MB/s
[    5.928426] raid6: sse2x4   xor()  4437 MB/s
[    5.976076] raid6: avx2x1   gen()  8408 MB/s
[    6.024072] raid6: avx2x1   xor()  8522 MB/s
[    6.072173] raid6: avx2x2   gen()  5838 MB/s
[    6.124078] raid6: avx2x2   xor()  5424 MB/s
[    6.172309] raid6: avx2x4   gen()  9321 MB/s
[    6.220255] raid6: avx2x4   xor()  5229 MB/s
[    6.222930] raid6: using algorithm avx2x4 gen() 9321 MB/s
[    6.225688] raid6: .... xor() 5229 MB/s, rmw enabled
[    6.226969] raid6: using avx2x2 recovery algorithm
[    6.230934] xor: automatically using best checksumming function   avx       
[    6.235461] async_tx: api initialized (async)
done.
Begin: Running /scripts/init-premount ... done.
Begin: Mounting root file system ... Begin: Running /scripts/local-top ... done.
Begin: Running /scripts/local-premount ... [    6.374294] Btrfs loaded, crc32c=crc32c-intel
Scanning for Btrfs filesystems
done.
Warning: fsck not present, so skipping root file system
[    6.438056] EXT4-fs (sda1): mounted filesystem with ordered data mode. Opts: (null)
done.
Begin: Running /scripts/local-bottom ... done.
Begin: Running /scripts/init-bottom ... done.
[    6.717947] ip_tables: (C) 2000-2006 Netfilter Core Team
[    6.733171] systemd[1]: systemd 237 running in system mode. (+PAM +AUDIT +SELINUX +IMA +APPARMOR +SMACK +SYSVINIT +UTMP +LIBCRYPTSETUP +GCRYPT +GNUTLS +ACL +XZ +LZ4 +SECCOMP +BLKID +ELFUTILS +KMOD -IDN2 +IDN -PCRE2 default-hierarchy=hybrid)
[    6.740954] systemd[1]: Detected virtualization oracle.
[    6.743719] systemd[1]: Detected architecture x86-64.

Welcome to [1mUbuntu 18.04.5 LTS[0m!

[    6.761698] systemd[1]: Set hostname to <ubuntu>.
[    6.770773] systemd[1]: Initializing machine ID from random generator.
[    6.775162] systemd[1]: Installed transient /etc/machine-id file.
[    7.229035] systemd[1]: Reached target System Time Synchronized.
[[0;32m  OK  [0m] Reached target System Time Synchronized.
[    7.231205] systemd[1]: Reached target Swap.
[[0;32m  OK  [0m] Reached target Swap.
[    7.245146] systemd[1]: Set up automount Arbitrary Executable File Formats File System Automount Point.
[[0;32m  OK  [0m] Set up automount Arbitrary Executab…rmats File System Automount Point.
[    7.261871] systemd[1]: Created slice System Slice.
[[0;32m  OK  [0m] Created slice System Slice.
[[0;32m  OK  [0m] Created slice system-serial\x2dgetty.slice.
[[0;32m  OK  [0m] Listening on Device-mapper event daemon FIFOs.
[[0;32m  OK  [0m] Listening on Journal Audit Socket.
[[0;32m  OK  [0m] Listening on Syslog Socket.
[[0;32m  OK  [0m] Listening on udev Control Socket.
[[0;32m  OK  [0m] Listening on udev Kernel Socket.
[[0;32m  OK  [0m] Listening on Network Service Netlink Socket.
[[0;32m  OK  [0m] Listening on /dev/initctl Compatibility Named Pipe.
[[0;32m  OK  [0m] Reached target User and Group Name Lookups.
[[0;32m  OK  [0m] Listening on fsck to fsckd communication Socket.
[[0;32m  OK  [0m] Started Forward Password Requests to Wall Directory Watch.
[[0;32m  OK  [0m] Listening on LVM2 metadata daemon socket.
[[0;32m  OK  [0m] Listening on Journal Socket (/dev/log).
[[0;32m  OK  [0m] Listening on Journal Socket.
         Starting Uncomplicated firewall...
         Mounting Huge Pages File System...
         Starting udev Coldplug all Devices...
         Starting Load Kernel Modules...
         Starting Set the console keyboard layout...
         Starting Monitoring of LVM2 mirrors…ng dmeventd or progress polling...
         Starting Create list of required st…ce nodes for the current kernel...
         Mounting Kernel Debug File System...
         Starting Journal Service...
         Mounting POSIX Message Queue File System...
         Starting File System Check on Root Device...
[[0;32m  OK  [0m] Listening on LVM2 poll daemon socket.
[[0;32m  OK  [0m] Created slice User and Session Slice.
[[0;32m  OK  [0m] Reached target Slices.
[[0;32m  OK  [0m] Started Uncomplicated firewall.
[[0;32m  OK  [0m] Mounted Huge Pages File System.
[[0;32m  OK  [0m] Started Create list of required sta…vice nodes for the current kernel.
[[0;32m  OK  [0m] Mounted Kernel Debug File System.
[[0;32m  OK  [0m] Mounted POSIX Message Queue File System.
         Starting Create Static Device Nodes in /dev...
[    7.507296] Loading iSCSI transport class v2.0-870.
[[0;32m  OK  [0m] Started File System Check Daemon to report status.
[[0;32m  OK  [0m] Started LVM2 metadata daemon.
[[0;32m  OK  [0m] Started Create Static Device Nodes in /dev.
[    7.585271] iscsi: registered transport (tcp)
[[0;32m  OK  [0m] Started File System Check on Root Device.
         Starting Remount Root and Kernel File Systems...
[    7.707901] iscsi: registered transport (iser)
[    7.710072] EXT4-fs (sda1): re-mounted. Opts: (null)
[[0;32m  OK  [0m] Started Monitoring of LVM2 mirrors,…sing dmeventd or progress polling.
[[0;32m  OK  [0m] Started Load Kernel Modules.
[[0;32m  OK  [0m] Started Journal Service.
[[0;32m  OK  [0m] Started Remount Root and Kernel File Systems.
         Starting Load/Save Random Seed...
         Starting udev Kernel Device Manager...
         Starting Flush Journal to Persistent Storage...
         Mounting FUSE Control File System...
         Starting Apply Kernel Variables...
         Mounting Kernel Configuration File System...
[[0;32m  OK  [0m] Mounted FUSE Control File System.
[[0;32m  OK  [0m] Mounted Kernel Configuration File System.
[    7.833030] systemd-journald[403]: Received request to flush runtime journal from PID 1
[[0;32m  OK  [0m] Started Load/Save Random Seed.
[    7.848958] random: crng init done
[    7.850334] random: 7 urandom warning(s) missed due to ratelimiting
[[0;32m  OK  [0m] Started udev Kernel Device Manager.
[[0;32m  OK  [0m] Started Apply Kernel Variables.
[[0;32m  OK  [0m] Started udev Coldplug all Devices.
[[0;32m  OK  [0m] Started Flush Journal to Persistent Storage.
[[0;32m  OK  [0m] Started Set the console keyboard layout.
[[0;32m  OK  [0m] Reached target Local File Systems (Pre).
[[0;32m  OK  [0m] Reached target Local File Systems.
         Starting Set console font and keymap...
         Starting ebtables ruleset management...
         Starting AppArmor initialization...
         Starting Tell Plymouth To Write Out Runtime Data...
         Starting Create Volatile Files and Directories...
         Starting Commit a transient machine-id on disk...
[[0;32m  OK  [0m] Started Dispatch Password Requests to Console Directory Watch.
[[0;32m  OK  [0m] Reached target Local Encrypted Volumes.
[[0;32m  OK  [0m] Started Set console font and keymap.
[[0;32m  OK  [0m] Started Tell Plymouth To Write Out Runtime Data.
[[0;32m  OK  [0m] Started Commit a transient machine-id on disk.
[[0;32m  OK  [0m] Started Create Volatile Files and Directories.
         Starting Update UTMP about System Boot/Shutdown...
[[0;32m  OK  [0m] Started Update UTMP about System Boot/Shutdown.
[[0;32m  OK  [0m] Started ebtables ruleset management.
[[0;32m  OK  [0m] Found device /dev/ttyS0.
[[0;32m  OK  [0m] Listening on Load/Save RF Kill Switch Status /dev/rfkill Watch.
[[0;32m  OK  [0m] Started AppArmor initialization.
         Starting Initial cloud-init job (pre-networking)...
         Starting Load AppArmor profiles managed internally by snapd...
[[0;32m  OK  [0m] Started Load AppArmor profiles managed internally by snapd.
[   17.583296] cloud-init[556]: Cloud-init v. 21.1-19-gbad84ad4-0ubuntu1~18.04.2 running 'init-local' at Tue, 25 May 2021 12:54:03 +0000. Up 16.53 seconds.
[[0;32m  OK  [0m] Started Initial cloud-init job (pre-networking).
[[0;32m  OK  [0m] Reached target Network (Pre).
         Starting Network Service...
[[0;32m  OK  [0m] Started Network Service.
         Starting Network Name Resolution...
         Starting Wait for Network to be Configured...
[[0;32m  OK  [0m] Started Network Name Resolution.
[[0;32m  OK  [0m] Reached target Network.
[[0;32m  OK  [0m] Reached target Host and Network Name Lookups.
[[0;32m  OK  [0m] Started Wait for Network to be Configured.
         Starting Initial cloud-init job (metadata service crawler)...
[   21.172147] cloud-init[648]: Cloud-init v. 21.1-19-gbad84ad4-0ubuntu1~18.04.2 running 'init' at Tue, 25 May 2021 12:54:07 +0000. Up 20.66 seconds.
[   21.176347] cloud-init[648]: ci-info: ++++++++++++++++++++++++++++++++++++++Net device info+++++++++++++++++++++++++++++++++++++++
[   21.184341] cloud-init[648]: ci-info: +--------+-------+----------------------------+---------------+--------+-------------------+
[   21.186937] cloud-init[648]: ci-info: | Device |   Up  |          Address           |      Mask     | Scope  |     Hw-Address    |
[   21.189159] cloud-init[648]: ci-info: +--------+-------+----------------------------+---------------+--------+-------------------+
[   21.192079] cloud-init[648]: ci-info: | enp0s3 |  True |         10.0.2.15          | 255.255.255.0 | global | 02:79:d1:66:99:96 |
[   21.196264] cloud-init[648]: ci-info: | enp0s3 |  True | fe80::79:d1ff:fe66:9996/64 |       .       |  link  | 02:79:d1:66:99:96 |
[   21.198348] cloud-init[648]: ci-info: | enp0s8 | False |             .              |       .       |   .    | 08:00:27:fc:a0:29 |
[   21.212322] cloud-init[648]: ci-info: |   lo   |  True |         127.0.0.1          |   255.0.0.0   |  host  |         .         |
[   21.214116] cloud-init[648]: ci-info: |   lo   |  True |          ::1/128           |       .       |  host  |         .         |
[   21.216104] cloud-init[648]: ci-info: +--------+-------+----------------------------+---------------+--------+-------------------+
[   21.217858] cloud-init[648]: ci-info: ++++++++++++++++++++++++++++Route IPv4 info+++++++++++++++++++++++++++++
[   21.219824] cloud-init[648]: ci-info: +-------+-------------+----------+-----------------+-----------+-------+
[   21.221351] cloud-init[648]: ci-info: | Route | Destination | Gateway  |     Genmask     | Interface | Flags |
[   21.222794] cloud-init[648]: ci-info: +-------+-------------+----------+-----------------+-----------+-------+
[   21.227263] cloud-init[648]: ci-info: |   0   |   0.0.0.0   | 10.0.2.2 |     0.0.0.0     |   enp0s3  |   UG  |
[   21.228712] cloud-init[648]: ci-info: |   1   |   10.0.2.0  | 0.0.0.0  |  255.255.255.0  |   enp0s3  |   U   |
[   21.232388] cloud-init[648]: ci-info: |   2   |   10.0.2.2  | 0.0.0.0  | 255.255.255.255 |   enp0s3  |   UH  |
[   21.236345] cloud-init[648]: ci-info: +-------+-------------+----------+-----------------+-----------+-------+
[   21.240449] cloud-init[648]: ci-info: +++++++++++++++++++Route IPv6 info+++++++++++++++++++
[   21.242472] cloud-init[648]: ci-info: +-------+-------------+---------+-----------+-------+
[   21.244281] cloud-init[648]: ci-info: | Route | Destination | Gateway | Interface | Flags |
[   21.247831] cloud-init[648]: ci-info: +-------+-------------+---------+-----------+-------+
[   21.260363] cloud-init[648]: ci-info: |   1   |  fe80::/64  |    ::   |   enp0s3  |   U   |
[   21.262235] cloud-init[648]: ci-info: |   3   |    local    |    ::   |   enp0s3  |   U   |
[   21.264338] cloud-init[648]: ci-info: |   4   |   ff00::/8  |    ::   |   enp0s3  |   U   |
[   21.276314] cloud-init[648]: ci-info: +-------+-------------+---------+-----------+-------+
[   22.524869] cloud-init[648]: Generating public/private rsa key pair.
[   22.536822] cloud-init[648]: Your identification has been saved in /etc/ssh/ssh_host_rsa_key.
[   22.544925] cloud-init[648]: Your public key has been saved in /etc/ssh/ssh_host_rsa_key.pub.
[   22.547257] cloud-init[648]: The key fingerprint is:
[   22.560482] cloud-init[648]: SHA256:R7wsxwoTiJw4GhV5rvmVFaL9KNn+2G/rx3WHyeV0v48 root@ubuntu-bionic
[   22.572396] cloud-init[648]: The key's randomart image is:
[   22.573513] cloud-init[648]: +---[RSA 2048]----+
[   22.584814] cloud-init[648]: |  oo             |
[   22.596722] cloud-init[648]: | +.o... ..       |
[   22.608852] cloud-init[648]: |+ +o.o.. .o      |
[   22.610176] cloud-init[648]: |.o  o ...+ .    +|
[   22.611055] cloud-init[648]: |.  o oo=S *  . *o|
[   22.612367] cloud-init[648]: |  o o =o.=    = =|
[   22.616287] cloud-init[648]: |   . +  .  . . .o|
[   22.617106] cloud-init[648]: |    . .o  . o  o |
[   22.618225] cloud-init[648]: |      ..o++o  E o|
[   22.620187] cloud-init[648]: +----[SHA256]-----+
[   22.621194] cloud-init[648]: Generating public/private dsa key pair.
[   22.624438] cloud-init[648]: Your identification has been saved in /etc/ssh/ssh_host_dsa_key.
[   22.626312] cloud-init[648]: Your public key has been saved in /etc/ssh/ssh_host_dsa_key.pub.
[   22.628607] cloud-init[648]: The key fingerprint is:
[   22.629763] cloud-init[648]: SHA256:ztYNINUpxakCyGYPZZ9+e8oacsiRz54WEcW/3vaEqs8 root@ubuntu-bionic
[   22.632278] cloud-init[648]: The key's randomart image is:
[   22.636352] cloud-init[648]: +---[DSA 1024]----+
[   22.648344] cloud-init[648]: | . oo  oo+.o     |
[   22.649058] cloud-init[648]: |  *....oo =      |
[   22.660785] cloud-init[648]: | o o .+..+       |
[   22.672462] cloud-init[648]: |    .oo....      |
[   22.673417] cloud-init[648]: |    o .oS ..     |
[   22.685900] cloud-init[648]: |   . =.+ o.o .   |
[[0;32m  OK  [0m] Started Initial cloud-init job (metadata service crawler).
[[0;32m  OK  [0m] Reached target System Initialization.
[[0;32m  OK  [0m] Listening on Open-iSCSI iscsid Socket.
[[0;32m  OK  [0m] Started Daily Cleanup of Temporary Directories.
[   22.691528] cloud-init[[0;32m  OK  [0m] Started ACPI Events Check.
[[0;32m  OK  [0m] Listening on D-Bus System Message Bus Socket.
[648]: |    + =.=.o.o .  |
         Starting LXD - unix socket.
         Starting Socket activation for snappy daemon.
[[0;32m  OK  [0m] Started Message of the Day.
[[0;32m  OK  [0m] Started Daily apt download activities.
[[0;32m  OK  [0m] Started Daily apt upgrade and clean activities.
[[0;32m  OK  [0m] Started Discard unused blocks once a week.
[[0;32m  OK  [0m] Listening on UUID daemon activation socket.
[[0;32m  OK  [0m] Started Ubuntu Advantage update messaging.
[[0;32m  OK  [0m] Reached target Timers.
[   22.723622] cloud-init[648]: |     +.= +..o.   |
[[0;32m  OK  [0m] Listening on ACPID Listen Socket.
[[0;32m  OK  [0m] Reached target Paths.
[[0;32m  OK  [0m] Reached target Cloud-config availability.
[   22.782154] cloud-init[648]: |     .+.+oE. ..  |
[[0;32m  OK  [0m] Reached target Network is Online.
[   22.786265] cloud-init[648]: +----[SHA256]-----+
[   22.788310] [[0;32m  OK  [0m] Reached target Remote File Systems (Pre).
[[0;32m  OK  [0m] Reached target Remote File Systems.
cloud-init[648]: Generating public/private ecdsa key pair.
         Starting Availability of block devices...[   22.809139] cloud-init[648]: Your identification has been saved in /etc/ssh/ssh_host_ecdsa_key.
[   22.811571] cloud-init
[[0;32m  OK  [0m] Listening on LXD - unix socket.
[[0;32m  OK  [0m] Listening on Socket activation for snappy daemon.
[648]: Your public key has been saved in /etc/ssh/ssh_host_ecdsa_key.pub.
[[0;32m  OK  [0m] Started Availability of block devices.
[[0;32m  OK  [0m] Reached target Sockets.
[[0;32m  OK  [0m] Reached target Basic System.
[   22.829327] cloud-init[648]: The key fingerprint is:
[   22.831368] cloud-init[648]: SHA256:TqPP86zCsC6ioWQLe+uVFsl0O0SDor/U1/HP9oimFDc root@ubuntu-bionic
         Starting Dispatcher daemon for systemd-networkd...[   22.852648] cloud-init[648]: The key's randomart image is:
[   22.853840] cloud-init[648]: +---[ECDSA 256]---+
[   22.854728] cloud-init[648]: |     .o          |
[   22.855701] cloud-init
         Starting LSB: Record successful boot for GRUB...
         Starting Permit User Sessions...
         Starting Pollinate to seed the pseudo random number generator...
[[0;32m  OK  [0m] Started FUSE filesystem for LXC.
[648]: |  . .. .         |         Starting Accounts Service...
[[0;32m  OK  [0m] Started Deferred execution scheduler.

[   22.910569]          Starting LXD - container startup/shutdown...
cloud-init[648]: | . .. o          |
[   22.940337] cloud-init[648]: |.  o + ..        |
[   22.952685] cloud-init[648]: | . .+ o.SoE      |
[[0;32m  OK  [0m] Started Regular background program processing daemon.
         Starting LSB: automatic crash report generation...
         Starting Login Service...
[   22.989695] cloud-init[648]: |  o oo.=.+..     |
[   23.002869] cloud-init[648]: |o+ .+=. o  o     |
[   23.008244] cloud-init[648]: |*o=o. o+....+.   |
[   23.009584] cloud-init[648]: |==o+.  .=*+....  |
[   23.020595] cloud-init[648]: +----[SHA256]-----+
[   23.024417] cloud-init[648]: Generating public/private ed25519 key pair.
[   23.036397] cloud-init[648]: Your identification has been saved in /etc/ssh/ssh_host_ed25519_key.
[   23.040426] cloud-init[648]: Your public key has been saved in /etc/ssh/ssh_host_ed25519_key.pub.
[   23.043835] cloud-init[648]: The key fingerprint is:
[   23.053507] cloud-init[648]: SHA256:BuGIjESPSDzrzmC6IJmeXsQShEvVDrANvicb5O9IIfc root@ubuntu-bionic
[   23.063996]          Starting Snap Daemon...
cloud-init[648]: The key's randomart image is:
         [   23.088966] cloud-initStarting System Logging Service...
[648]: +--[ED25519 256]--+
         Starting Virtualbox guest utils...
[[0;32m  OK  [0m[   23.104750] cloud-init] Started D-Bus System Message Bus.
[648]: |+Bo.. .          |
[   23.124078] cloud-init[648]: |B**o + .         |
[   23.144861] cloud-init[648]: |+B=o+ o          |
[   23.156709] cloud-init[648]: |+.+  . .         |
[   23.157755] cloud-init[648]: |oB.+    S        |
[   23.158652] cloud-init[648]: |o*X.   .         |
[   23.159867] cloud-init[648]: |@o oE            |
[   23.160713] cloud-init[648]: |*o=              |
[   23.166300] cloud-init[648]: |o* .             |
[   23.178813] cloud-init[648]: +----[SHA256]-----+
[[0;32m  OK  [0m] Started irqbalance daemon.
[[0;32m  OK  [0m] Started System Logging Service.
[[0;32m  OK  [0m] Started Permit User Sessions.
[[0;32m  OK  [0m] Started Login Service.
[[0;32m  OK  [0m] Started Unattended Upgrades Shutdown.
         Starting Terminate Plymouth Boot Screen...
         Starting Hold until boot process finishes up...
[[0;32m  OK  [0m] Started Terminate Plymouth Boot Screen.
[[0;32m  OK  [0m] Started Hold until boot process finishes up.
[[0;32m  OK  [0m] Started Serial Getty on ttyS0.
         Starting Set console scheme...
[[0;32m  OK  [0m] Started Set console scheme.
[[0;32m  OK  [0m] Created slice system-getty.slice.
[[0;32m  OK  [0m] Started Getty on tty1.
[[0;32m  OK  [0m] Reached target Login Prompts.
         Starting Authorization Manager...
[[0;32m  OK  [0m] Started LSB: automatic crash report generation.
[[0;32m  OK  [0m] Started LSB: Record successful boot for GRUB.
[[0;32m  OK  [0m] Started Authorization Manager.
[[0;32m  OK  [0m] Started Accounts Service.
[[0;32m  OK  [0m] Started LXD - container startup/shutdown.
[[0;32m  OK  [0m] Started Virtualbox guest utils.
[[0;32m  OK  [0m] Started Dispatcher daemon for systemd-networkd.
[[0;32m  OK  [0m] Started Snap Daemon.
         Starting Wait until snapd is fully seeded...
[[0;32m  OK  [0m] Started Pollinate to seed the pseudo random number generator.
         Starting OpenBSD Secure Shell server...
[[0;32m  OK  [0m] Started OpenBSD Secure Shell server.
[[0;32m  OK  [0m] Created slice User Slice of vagrant.
         Starting User Manager for UID 1000...
[[0;32m  OK  [0m] Started Session 1 of user vagrant.
[[0;32m  OK  [0m] Started User Manager for UID 1000.
[[0;32m  OK  [0m] Started Wait until snapd is fully seeded.
         Starting Apply the settings specified in cloud-config...
[[0;32m  OK  [0m] Reached target Multi-User System.
[[0;32m  OK  [0m] Reached target Graphical Interface.
         Starting Update UTMP about System Runlevel Changes...
[[0;32m  OK  [0m] Started Update UTMP about System Runlevel Changes.

Ubuntu 18.04.5 LTS ubuntu-bionic ttyS0

ubuntu-bionic login: [   33.572435] cloud-init[1007]: Cloud-init v. 21.1-19-gbad84ad4-0ubuntu1~18.04.2 running 'modules:config' at Tue, 25 May 2021 12:54:17 +0000. Up 31.08 seconds.
ci-info: no authorized SSH keys fingerprints found for user ubuntu.
<14>May 25 12:54:23 ec2: 
<14>May 25 12:54:23 ec2: #############################################################
<14>May 25 12:54:23 ec2: -----BEGIN SSH HOST KEY FINGERPRINTS-----
<14>May 25 12:54:23 ec2: 1024 SHA256:ztYNINUpxakCyGYPZZ9+e8oacsiRz54WEcW/3vaEqs8 root@ubuntu-bionic (DSA)
<14>May 25 12:54:23 ec2: 256 SHA256:TqPP86zCsC6ioWQLe+uVFsl0O0SDor/U1/HP9oimFDc root@ubuntu-bionic (ECDSA)
<14>May 25 12:54:23 ec2: 256 SHA256:BuGIjESPSDzrzmC6IJmeXsQShEvVDrANvicb5O9IIfc root@ubuntu-bionic (ED25519)
<14>May 25 12:54:23 ec2: 2048 SHA256:R7wsxwoTiJw4GhV5rvmVFaL9KNn+2G/rx3WHyeV0v48 root@ubuntu-bionic (RSA)
<14>May 25 12:54:23 ec2: -----END SSH HOST KEY FINGERPRINTS-----
<14>May 25 12:54:23 ec2: #############################################################
-----BEGIN SSH HOST KEY KEYS-----
ecdsa-sha2-nistp256 AAAAE2VjZHNhLXNoYTItbmlzdHAyNTYAAAAIbmlzdHAyNTYAAABBBJQVl9Hx8WCfS56UUUvlBMW8XJaRsZ4vbuHAq8FDYL6eaPVlg8L9CO+npK86bCCe8ljhgbnGEOSvXWEv1SCJsVE= root@ubuntu-bionic
ssh-ed25519 AAAAC3NzaC1lZDI1NTE5AAAAILyNNxxsEtN5rwdwZtFgQ8U7wZ6UY0XlL5i/skEXN0wy root@ubuntu-bionic
ssh-rsa AAAAB3NzaC1yc2EAAAADAQABAAABAQCqpuMrLkZASNX+SI4JXNEMPkZSvu4q3ncl3VeiyMTsfWnWsacJP5n3cvcpeFQTvFTHDgo881Wq+cjDTxsuvmPef1KoE30mdCkNQWbncpfR4OI/VZkMaGbp8wpcZu9WH1W7IwyKmAPEWLmEGN2pi2grp36/mCZHJ8glAyNiMnjgnPOs/w2pyT816GsBPz4mDRP7azeir6cQnEU+zoqrhUKkrHQZ7+lLAb7NGGDD+iXJhxkproAxlXYcma8ehRTGDVHRmFy5CjmlmK2s6v1L2B3TJLmobb6DWdQAk0Zvkh58vg5dJsQKccwzFVL+pY24z7I2/P21I4e1sGicpoy11O8B root@ubuntu-bionic
-----END SSH HOST KEY KEYS-----
[   36.531850] cloud-init[1202]: Cloud-init v. 21.1-19-gbad84ad4-0ubuntu1~18.04.2 running 'modules:final' at Tue, 25 May 2021 12:54:22 +0000. Up 35.93 seconds.
[   36.535040] cloud-init[1202]: ci-info: no authorized SSH keys fingerprints found for user ubuntu.
[   36.540441] cloud-init[1202]: Cloud-init v. 21.1-19-gbad84ad4-0ubuntu1~18.04.2 finished at Tue, 25 May 2021 12:54:23 +0000. Datasource DataSourceNoCloud [seed=/dev/sdb][dsmode=net].  Up 36.51 seconds
[[0;32m  OK  [0m] Stopped Unattended Upgrades Shutdown.
         Stopping Session 68 of user vagrant.
[[0;32m  OK  [0m] Stopped target Timers.
         Stopping Authorization Manager...
[[0;32m  OK  [0m] Stopped Daily Cleanup of Temporary Directories.
[[0;32m  OK  [0m] Stopped target Graphical Interface.
         Stopping User Manager for UID 1000...
[[0;32m  OK  [0m] Stopped Discard unused blocks once a week.
[[0;32m  OK  [0m] Stopped Daily apt upgrade and clean activities.
[[0;32m  OK  [0m] Stopped Ubuntu Advantage update messaging.
[[0;32m  OK  [0m] Stopped Daily apt download activities.
         Unmounting /vagrant...
[[0;32m  OK  [0m] Stopped Message of the Day.
[[0;32m  OK  [0m] Stopped Clean PHP session files every 30 mins.
[[0;32m  OK  [0m] Stopped target System Time Synchronized.
[[0;32m  OK  [0m] Stopped target Cloud-init target.
[[0;32m  OK  [0m] Stopped Execute cloud user/final scripts.
[[0;32m  OK  [0m] Stopped Apply the settings specified in cloud-config.
[[0;32m  OK  [0m] Stopped target Cloud-config availability.
[[0;32m  OK  [0m] Stopped target Multi-User System.
         Stopping Regular background program processing daemon...
         Stopping Dispatcher daemon for systemd-networkd...
         Stopping LSB: automatic crash report generation...
         Stopping FUSE filesystem for LXC...
         Stopping OpenBSD Secure Shell server...
         Stopping Deferred execution scheduler...
         Stopping Virtualbox guest utils...
         Stopping The Apache HTTP Server...
         Stopping LSB: Record successful boot for GRUB...
         Stopping System Logging Service...
         Stopping Docker Application Container Engine...
         Stopping LXD - container startup/shutdown...
[[0;32m  OK  [0m] Stopped Wait until snapd is fully seeded.
         Stopping D-Bus System Message Bus...
[[0;32m  OK  [0m] Closed Load/Save RF Kill Switch Status /dev/rfkill Watch.
         Stopping Accounts Service...
[[0;32m  OK  [0m] Stopped target Login Prompts.
         Stopping Serial Getty on ttyS0...
         Stopping Getty on tty1...
         Stopping Availability of block devices...
[[0;32m  OK  [0m] Unmounted /var/lib/lxcfs.
[[0;32m  OK  [0m] Stopped Dispatcher daemon for systemd-networkd.
[[0;32m  OK  [0m] Stopped Deferred execution scheduler.
[[0;32m  OK  [0m] Stopped Regular background program processing daemon.
[[0;32m  OK  [0m] Stopped Serial Getty on ttyS0.
[[0;32m  OK  [0m] Stopped Getty on tty1.
[[0;32m  OK  [0m] Stopped Accounts Service.
[[0;32m  OK  [0m] Stopped Authorization Manager.
[[0;32m  OK  [0m] Stopped OpenBSD Secure Shell server.
[[0;32m  OK  [0m] Stopped User Manager for UID 1000.
[[0;32m  OK  [0m] Unmounted /vagrant.
[[0;32m  OK  [0m] Stopped Session 68 of user vagrant.
[[0;32m  OK  [0m] Stopped System Logging Service.
[[0;32m  OK  [0m] Stopped D-Bus System Message Bus.
[[0;32m  OK  [0m] Stopped FUSE filesystem for LXC.
[[0;32m  OK  [0m] Removed slice User Slice of vagrant.
         Stopping Login Service...
[[0;32m  OK  [0m] Removed slice system-getty.slice.
         Stopping Permit User Sessions...
[[0;32m  OK  [0m] Removed slice system-serial\x2dgetty.slice.
[[0;32m  OK  [0m] Stopped Login Service.
[[0;32m  OK  [0m] Stopped Availability of block devices.
[[0;32m  OK  [0m] Stopped Permit User Sessions.
[[0;32m  OK  [0m] Stopped LXD - container startup/shutdown.
[[0;32m  OK  [0m] Stopped target User and Group Name Lookups.
[[0;32m  OK  [0m] Stopped LSB: Record successful boot for GRUB.
[[0;32m  OK  [0m] Stopped LSB: automatic crash report generation.
[[0;32m  OK  [0m] Stopped Virtualbox guest utils.
[[0;32m  OK  [0m] Stopped The Apache HTTP Server.
[[0;32m  OK  [0m] Stopped target Remote File Systems.
[[0;32m  OK  [0m] Stopped target Remote File Systems (Pre).
[[0;32m  OK  [0m] Stopped target Host and Network Name Lookups.
[[0;32m  OK  [0m] Unmounted /run/docker/netns/b748abf5da6c.
[[0;32m  OK  [0m] Unmounted /var/lib/docker/overlay2/…2599cdc97db063051ac63f290e/merged.
[[0;32m  OK  [0m] Stopped Docker Application Container Engine.
[[0;32m  OK  [0m] Stopped target Network is Online.
         Stopping containerd container runtime...
[[0;32m  OK  [0m] Stopped containerd container runtime.
[[0;32m  OK  [0m] Stopped target Network.
         Stopping Network Name Resolution...
[[0;32m  OK  [0m] Stopped target Basic System.
[[0;32m  OK  [0m] Stopped target Paths.
[[0;32m  OK  [0m] Stopped ACPI Events Check.
[[0;32m  OK  [0m] Stopped target Slices.
[[0;32m  OK  [0m] Removed slice User and Session Slice.
[[0;32m  OK  [0m] Stopped target Sockets.
[[0;32m  OK  [0m] Closed Socket activation for snappy daemon.
[[0;32m  OK  [0m] Closed LXD - unix socket.
[[0;32m  OK  [0m] Closed ACPID Listen Socket.
[[0;32m  OK  [0m] Closed Open-iSCSI iscsid Socket.
[[0;32m  OK  [0m] Closed Docker Socket for the API.
[[0;32m  OK  [0m] Closed D-Bus System Message Bus Socket.
[[0;32m  OK  [0m] Closed Syslog Socket.
[[0;32m  OK  [0m] Closed UUID daemon activation socket.
[[0;32m  OK  [0m] Stopped target System Initialization.
[[0;32m  OK  [0m] Stopped Commit a transient machine-id on disk.
         Stopping Update UTMP about System Boot/Shutdown...
         Stopping Load/Save Random Seed...
[[0;32m  OK  [0m] Stopped target Local Encrypted Volumes.
[[0;32m  OK  [0m] Stopped Dispatch Password Requests to Console Directory Watch.
[[0;32m  OK  [0m] Stopped Forward Password Requests to Wall Directory Watch.
[[0;32m  OK  [0m] Stopped Initial cloud-init job (metadata service crawler).
[[0;32m  OK  [0m] Stopped Network Name Resolution.
[[0;32m  OK  [0m] Stopped Load/Save Random Seed.
         Stopping Network Service...
[[0;32m  OK  [0m] Stopped Update UTMP about System Boot/Shutdown.
[[0;32m  OK  [0m] Stopped Create Volatile Files and Directories.
[[0;32m  OK  [0m] Stopped target Local File Systems.
         Unmounting /run/user/1000...
[[0;32m  OK  [0m] Stopped Network Service.
[[0;32m  OK  [0m] Unmounted /run/user/1000.
[[0;32m  OK  [0m] Reached target Unmount All Filesystems.
[[0;32m  OK  [0m] Stopped target Local File Systems (Pre).
         Stopping Monitoring of LVM2 mirrors…ng dmeventd or progress polling...
[[0;32m  OK  [0m] Stopped Create Static Device Nodes in /dev.
[[0;32m  OK  [0m] Stopped target Swap.
[[0;32m  OK  [0m] Stopped Apply Kernel Variables.
[[0;32m  OK  [0m] Stopped Load Kernel Modules.
[[0;32m  OK  [0m] Stopped target Network (Pre).
[[0;32m  OK  [0m] Stopped Initial cloud-init job (pre-networking).
[[0;32m  OK  [0m] Stopped Remount Root and Kernel File Systems.
[[0;32m  OK  [0m] Reached target Shutdown.
[[0;32m  OK  [0m] Reached target Final Step.
         Starting Power-Off...
[[0;32m  OK  [0m] Stopped Monitoring of LVM2 mirrors,…sing dmeventd or progress polling.
         Stopping LVM2 metadata daemon...
[[0;32m  OK  [0m] Stopped LVM2 metadata daemon.
[77597.203906] reboot: Power down
