[    0.000000] Linux version 4.15.0-143-generic (buildd@lcy01-amd64-001) (gcc version 7.5.0 (Ubuntu 7.5.0-3ubuntu1~18.04)) #147-Ubuntu SMP Wed Apr 14 16:10:11 UTC 2021 (Ubuntu 4.15.0-143.147-generic 4.15.18)
[    0.000000] Command line: BOOT_IMAGE=/boot/vmlinuz-4.15.0-143-generic root=LABEL=cloudimg-rootfs ro console=tty1 console=ttyS0
[    0.000000] KERNEL supported cpus:
[    0.000000]   Intel GenuineIntel
[    0.000000]   AMD AuthenticAMD
[    0.000000]   Centaur CentaurHauls
[    0.000000] x86/fpu: Supporting XSAVE feature 0x001: 'x87 floating point registers'
[    0.000000] x86/fpu: Supporting XSAVE feature 0x002: 'SSE registers'
[    0.000000] x86/fpu: Supporting XSAVE feature 0x004: 'AVX registers'
[    0.000000] x86/fpu: xstate_offset[2]:  576, xstate_sizes[2]:  256
[    0.000000] x86/fpu: Enabled xstate features 0x7, context size is 832 bytes, using 'standard' format.
[    0.000000] e820: BIOS-provided physical RAM map:
[    0.000000] BIOS-e820: [mem 0x0000000000000000-0x000000000009fbff] usable
[    0.000000] BIOS-e820: [mem 0x000000000009fc00-0x000000000009ffff] reserved
[    0.000000] BIOS-e820: [mem 0x00000000000f0000-0x00000000000fffff] reserved
[    0.000000] BIOS-e820: [mem 0x0000000000100000-0x000000003ffeffff] usable
[    0.000000] BIOS-e820: [mem 0x000000003fff0000-0x000000003fffffff] ACPI data
[    0.000000] BIOS-e820: [mem 0x00000000fec00000-0x00000000fec00fff] reserved
[    0.000000] BIOS-e820: [mem 0x00000000fee00000-0x00000000fee00fff] reserved
[    0.000000] BIOS-e820: [mem 0x00000000fffc0000-0x00000000ffffffff] reserved
[    0.000000] NX (Execute Disable) protection: active
[    0.000000] SMBIOS 2.5 present.
[    0.000000] DMI: innotek GmbH VirtualBox/VirtualBox, BIOS VirtualBox 12/01/2006
[    0.000000] Hypervisor detected: KVM
[    0.000000] e820: last_pfn = 0x3fff0 max_arch_pfn = 0x400000000
[    0.000000] MTRR: Disabled
[    0.000000] x86/PAT: MTRRs disabled, skipping PAT initialization too.
[    0.000000] CPU MTRRs all blank - virtualized system.
[    0.000000] x86/PAT: Configuration [0-7]: WB  WT  UC- UC  WB  WT  UC- UC  
[    0.000000] found SMP MP-table at [mem 0x0009fff0-0x0009ffff]
[    0.000000] Scanning 1 areas for low memory corruption
[    0.000000] RAMDISK: [mem 0x359d1000-0x36cdffff]
[    0.000000] ACPI: Early table checksum verification disabled
[    0.000000] ACPI: RSDP 0x00000000000E0000 000024 (v02 VBOX  )
[    0.000000] ACPI: XSDT 0x000000003FFF0030 00003C (v01 VBOX   VBOXXSDT 00000001 ASL  00000061)
[    0.000000] ACPI: FACP 0x000000003FFF00F0 0000F4 (v04 VBOX   VBOXFACP 00000001 ASL  00000061)
[    0.000000] ACPI: DSDT 0x000000003FFF0470 002325 (v02 VBOX   VBOXBIOS 00000002 INTL 20100528)
[    0.000000] ACPI: FACS 0x000000003FFF0200 000040
[    0.000000] ACPI: FACS 0x000000003FFF0200 000040
[    0.000000] ACPI: APIC 0x000000003FFF0240 000054 (v02 VBOX   VBOXAPIC 00000001 ASL  00000061)
[    0.000000] ACPI: SSDT 0x000000003FFF02A0 0001CC (v01 VBOX   VBOXCPUT 00000002 INTL 20100528)
[    0.000000] No NUMA configuration found
[    0.000000] Faking a node at [mem 0x0000000000000000-0x000000003ffeffff]
[    0.000000] NODE_DATA(0) allocated [mem 0x3ffc5000-0x3ffeffff]
[    0.000000] kvm-clock: cpu 0, msr 0:3ff44001, primary cpu clock
[    0.000000] kvm-clock: Using msrs 4b564d01 and 4b564d00
[    0.000000] kvm-clock: using sched offset of 6041365973 cycles
[    0.000000] clocksource: kvm-clock: mask: 0xffffffffffffffff max_cycles: 0x1cd42e4dffb, max_idle_ns: 881590591483 ns
[    0.000000] Zone ranges:
[    0.000000]   DMA      [mem 0x0000000000001000-0x0000000000ffffff]
[    0.000000]   DMA32    [mem 0x0000000001000000-0x000000003ffeffff]
[    0.000000]   Normal   empty
[    0.000000]   Device   empty
[    0.000000] Movable zone start for each node
[    0.000000] Early memory node ranges
[    0.000000]   node   0: [mem 0x0000000000001000-0x000000000009efff]
[    0.000000]   node   0: [mem 0x0000000000100000-0x000000003ffeffff]
[    0.000000] Reserved but unavailable: 98 pages
[    0.000000] Initmem setup node 0 [mem 0x0000000000001000-0x000000003ffeffff]
[    0.000000] ACPI: PM-Timer IO Port: 0x4008
[    0.000000] IOAPIC[0]: apic_id 1, version 32, address 0xfec00000, GSI 0-23
[    0.000000] ACPI: INT_SRC_OVR (bus 0 bus_irq 0 global_irq 2 dfl dfl)
[    0.000000] ACPI: INT_SRC_OVR (bus 0 bus_irq 9 global_irq 9 low level)
[    0.000000] Using ACPI (MADT) for SMP configuration information
[    0.000000] smpboot: Allowing 1 CPUs, 0 hotplug CPUs
[    0.000000] PM: Registered nosave memory: [mem 0x00000000-0x00000fff]
[    0.000000] PM: Registered nosave memory: [mem 0x0009f000-0x0009ffff]
[    0.000000] PM: Registered nosave memory: [mem 0x000a0000-0x000effff]
[    0.000000] PM: Registered nosave memory: [mem 0x000f0000-0x000fffff]
[    0.000000] e820: [mem 0x40000000-0xfebfffff] available for PCI devices
[    0.000000] Booting paravirtualized kernel on KVM
[    0.000000] clocksource: refined-jiffies: mask: 0xffffffff max_cycles: 0xffffffff, max_idle_ns: 7645519600211568 ns
[    0.000000] random: get_random_bytes called from start_kernel+0x99/0x500 with crng_init=0
[    0.000000] setup_percpu: NR_CPUS:8192 nr_cpumask_bits:1 nr_cpu_ids:1 nr_node_ids:1
[    0.000000] percpu: Embedded 45 pages/cpu s147456 r8192 d28672 u2097152
[    0.000000] PV qspinlock hash table entries: 256 (order: 0, 4096 bytes)
[    0.000000] Built 1 zonelists, mobility grouping on.  Total pages: 257913
[    0.000000] Policy zone: DMA32
[    0.000000] Kernel command line: BOOT_IMAGE=/boot/vmlinuz-4.15.0-143-generic root=LABEL=cloudimg-rootfs ro console=tty1 console=ttyS0
[    0.000000] Memory: 982904K/1048120K available (12300K kernel code, 2483K rwdata, 4316K rodata, 2444K init, 2724K bss, 65216K reserved, 0K cma-reserved)
[    0.000000] SLUB: HWalign=64, Order=0-3, MinObjects=0, CPUs=1, Nodes=1
[    0.000000] Kernel/User page tables isolation: enabled
[    0.000000] ftrace: allocating 39437 entries in 155 pages
[    0.004000] Hierarchical RCU implementation.
[    0.004000] 	RCU restricting CPUs from NR_CPUS=8192 to nr_cpu_ids=1.
[    0.004000] 	Tasks RCU enabled.
[    0.004000] RCU: Adjusting geometry for rcu_fanout_leaf=16, nr_cpu_ids=1
[    0.004000] NR_IRQS: 524544, nr_irqs: 256, preallocated irqs: 16
[    0.004000] Console: colour VGA+ 80x25
[    0.004000] console [tty1] enabled
[    0.004000] console [ttyS0] enabled
[    0.004000] ACPI: Core revision 20170831
[    0.004000] ACPI: 2 ACPI AML tables successfully acquired and loaded
[    0.004000] APIC: Switch to symmetric I/O mode setup
[    0.004000] x2apic enabled
[    0.004000] Switched APIC routing to physical x2apic.
[    0.005499] ..TIMER: vector=0x30 apic1=0 pin1=2 apic2=-1 pin2=-1
[    0.008003] tsc: Detected 2591.998 MHz processor
[    0.012008] Calibrating delay loop (skipped) preset value.. 5183.99 BogoMIPS (lpj=10367992)
[    0.013691] pid_max: default: 32768 minimum: 301
[    0.016100] Security Framework initialized
[    0.018553] Yama: becoming mindful.
[    0.020067] AppArmor: AppArmor initialized
[    0.028008] Dentry cache hash table entries: 131072 (order: 8, 1048576 bytes)
[    0.032086] Inode-cache hash table entries: 65536 (order: 7, 524288 bytes)
[    0.034140] Mount-cache hash table entries: 2048 (order: 2, 16384 bytes)
[    0.036008] Mountpoint-cache hash table entries: 2048 (order: 2, 16384 bytes)
[    0.040511] process: using mwait in idle threads
[    0.042601] Last level iTLB entries: 4KB 64, 2MB 8, 4MB 8
[    0.044005] Last level dTLB entries: 4KB 64, 2MB 0, 4MB 0, 1GB 4
[    0.047494] Spectre V1 : Mitigation: usercopy/swapgs barriers and __user pointer sanitization
[    0.048003] Spectre V2 : Mitigation: Full generic retpoline
[    0.052002] Spectre V2 : Spectre v2 / SpectreRSB mitigation: Filling RSB on context switch
[    0.054673] Speculative Store Bypass: Vulnerable
[    0.056085] SRBDS: Unknown: Dependent on hypervisor status
[    0.057479] MDS: Mitigation: Clear CPU buffers
[    0.076777] Freeing SMP alternatives memory: 36K
[    0.193139] smpboot: CPU0: Intel(R) Core(TM) i7-9750H CPU @ 2.60GHz (family: 0x6, model: 0x9e, stepping: 0xa)
[    0.196180] Performance Events: unsupported p6 CPU model 158 no PMU driver, software events only.
[    0.200044] Hierarchical SRCU implementation.
[    0.204093] NMI watchdog: Perf event create on CPU 0 failed with -2
[    0.206501] NMI watchdog: Perf NMI watchdog permanently disabled
[    0.208057] smp: Bringing up secondary CPUs ...
[    0.209642] smp: Brought up 1 node, 1 CPU
[    0.211074] smpboot: Max logical packages: 1
[    0.212003] smpboot: Total of 1 processors activated (5183.99 BogoMIPS)
[    0.214821] devtmpfs: initialized
[    0.216086] x86/mm: Memory block size: 128MB
[    0.220236] evm: security.selinux
[    0.222400] evm: security.SMACK64
[    0.223996] evm: security.SMACK64EXEC
[    0.224014] evm: security.SMACK64TRANSMUTE
[    0.226241] evm: security.SMACK64MMAP
[    0.228004] evm: security.apparmor
[    0.229527] evm: security.ima
[    0.232004] evm: security.capability
[    0.233637] clocksource: jiffies: mask: 0xffffffff max_cycles: 0xffffffff, max_idle_ns: 7645041785100000 ns
[    0.236011] futex hash table entries: 256 (order: 2, 16384 bytes)
[    0.238023] pinctrl core: initialized pinctrl subsystem
[    0.240159] RTC time: 12:57:36, date: 05/26/21
[    0.241328] NET: Registered protocol family 16
[    0.242391] audit: initializing netlink subsys (disabled)
[    0.244134] cpuidle: using governor ladder
[    0.245101] cpuidle: using governor menu
[    0.246063] ACPI: bus type PCI registered
[    0.247199] acpiphp: ACPI Hot Plug PCI Controller Driver version: 0.5
[    0.248005] audit: type=2000 audit(1622033864.150:1): state=initialized audit_enabled=0 res=1
[    0.250295] PCI: Using configuration type 1 for base access
[    0.253644] HugeTLB registered 2.00 MiB page size, pre-allocated 0 pages
[    0.256000] ACPI: Added _OSI(Module Device)
[    0.256012] ACPI: Added _OSI(Processor Device)
[    0.260007] ACPI: Added _OSI(3.0 _SCP Extensions)
[    0.262061] ACPI: Added _OSI(Processor Aggregator Device)
[    0.264023] ACPI: Added _OSI(Linux-Dell-Video)
[    0.268016] ACPI: Added _OSI(Linux-Lenovo-NV-HDMI-Audio)
[    0.270882] ACPI: Added _OSI(Linux-HPI-Hybrid-Graphics)
[    0.272719] ACPI: Executed 1 blocks of module-level executable AML code
[    0.287943] ACPI: Interpreter enabled
[    0.288029] ACPI: (supports S0 S5)
[    0.289811] ACPI: Using IOAPIC for interrupt routing
[    0.292773] PCI: Using host bridge windows from ACPI; if necessary, use "pci=nocrs" and report a bug
[    0.296529] ACPI: Enabled 2 GPEs in block 00 to 07
[    0.319398] ACPI: PCI Root Bridge [PCI0] (domain 0000 [bus 00-ff])
[    0.320015] acpi PNP0A03:00: _OSC: OS supports [ASPM ClockPM Segments MSI]
[    0.325569] acpi PNP0A03:00: _OSC: not requesting OS control; OS requires [ExtendedConfig ASPM ClockPM MSI]
[    0.328034] acpi PNP0A03:00: fail to add MMCONFIG information, can't access extended PCI configuration space under this bridge.
[    0.333237] PCI host bridge to bus 0000:00
[    0.335232] pci_bus 0000:00: root bus resource [io  0x0000-0x0cf7 window]
[    0.336016] pci_bus 0000:00: root bus resource [io  0x0d00-0xffff window]
[    0.340007] pci_bus 0000:00: root bus resource [mem 0x000a0000-0x000bffff window]
[    0.344008] pci_bus 0000:00: root bus resource [mem 0x40000000-0xfdffffff window]
[    0.348007] pci_bus 0000:00: root bus resource [bus 00-ff]
[    0.355699] pci 0000:00:01.1: legacy IDE quirk: reg 0x10: [io  0x01f0-0x01f7]
[    0.356003] pci 0000:00:01.1: legacy IDE quirk: reg 0x14: [io  0x03f6]
[    0.357487] pci 0000:00:01.1: legacy IDE quirk: reg 0x18: [io  0x0170-0x0177]
[    0.360019] pci 0000:00:01.1: legacy IDE quirk: reg 0x1c: [io  0x0376]
[    0.376339] pci 0000:00:07.0: quirk: [io  0x4000-0x403f] claimed by PIIX4 ACPI
[    0.378428] pci 0000:00:07.0: quirk: [io  0x4100-0x410f] claimed by PIIX4 SMB
[    0.389577] ACPI: PCI Interrupt Link [LNKA] (IRQs 5 9 10 *11)
[    0.391966] ACPI: PCI Interrupt Link [LNKB] (IRQs 5 9 *10 11)
[    0.392320] ACPI: PCI Interrupt Link [LNKC] (IRQs 5 *9 10 11)
[    0.396113] ACPI: PCI Interrupt Link [LNKD] (IRQs 5 9 10 *11)
[    0.397844] SCSI subsystem initialized
[    0.399060] pci 0000:00:02.0: vgaarb: setting as boot VGA device
[    0.400000] pci 0000:00:02.0: vgaarb: VGA device added: decodes=io+mem,owns=io+mem,locks=none
[    0.400008] pci 0000:00:02.0: vgaarb: bridge control possible
[    0.404003] vgaarb: loaded
[    0.404939] ACPI: bus type USB registered
[    0.406084] usbcore: registered new interface driver usbfs
[    0.408029] usbcore: registered new interface driver hub
[    0.409760] usbcore: registered new device driver usb
[    0.412070] EDAC MC: Ver: 3.0.0
[    0.413495] PCI: Using ACPI for IRQ routing
[    0.415319] NetLabel: Initializing
[    0.416004] NetLabel:  domain hash size = 128
[    0.417307] NetLabel:  protocols = UNLABELED CIPSOv4 CALIPSO
[    0.420061] NetLabel:  unlabeled traffic allowed by default
[    0.422610] clocksource: Switched to clocksource kvm-clock
[    0.459700] VFS: Disk quotas dquot_6.6.0
[    0.461803] VFS: Dquot-cache hash table entries: 512 (order 0, 4096 bytes)
[    0.463964] AppArmor: AppArmor Filesystem Enabled
[    0.465404] pnp: PnP ACPI init
[    0.467919] pnp: PnP ACPI: found 3 devices
[    0.474640] clocksource: acpi_pm: mask: 0xffffff max_cycles: 0xffffff, max_idle_ns: 2085701024 ns
[    0.477124] NET: Registered protocol family 2
[    0.478832] TCP established hash table entries: 8192 (order: 4, 65536 bytes)
[    0.481044] TCP bind hash table entries: 8192 (order: 5, 131072 bytes)
[    0.482736] TCP: Hash tables configured (established 8192 bind 8192)
[    0.484450] UDP hash table entries: 512 (order: 2, 16384 bytes)
[    0.485879] UDP-Lite hash table entries: 512 (order: 2, 16384 bytes)
[    0.487753] NET: Registered protocol family 1
[    0.488924] pci 0000:00:00.0: Limiting direct PCI/PCI transfers
[    0.490444] pci 0000:00:01.0: Activating ISA DMA hang workarounds
[    0.491826] pci 0000:00:02.0: Video device with shadowed ROM at [mem 0x000c0000-0x000dffff]
[    0.494023] Unpacking initramfs...
[    1.571393] Freeing initrd memory: 19516K
[    1.574060] clocksource: tsc: mask: 0xffffffffffffffff max_cycles: 0x255cb518234, max_idle_ns: 440795279333 ns
[    1.578867] platform rtc_cmos: registered platform RTC device (no PNP device found)
[    1.582199] Scanning for low memory corruption every 60 seconds
[    1.585795] Initialise system trusted keyrings
[    1.588031] Key type blacklist registered
[    1.589733] workingset: timestamp_bits=36 max_order=18 bucket_order=0
[    1.595922] zbud: loaded
[    1.599069] squashfs: version 4.0 (2009/01/31) Phillip Lougher
[    1.601985] fuse init (API version 7.26)
[    1.604963] Key type asymmetric registered
[    1.605999] Asymmetric key parser 'x509' registered
[    1.608313] Block layer SCSI generic (bsg) driver version 0.4 loaded (major 246)
[    1.612235] io scheduler noop registered
[    1.615068] io scheduler deadline registered
[    1.618426] io scheduler cfq registered (default)
[    1.622697] ACPI: AC Adapter [AC] (off-line)
[    1.625970] input: Power Button as /devices/LNXSYSTM:00/LNXPWRBN:00/input/input0
[    1.631432] ACPI: Power Button [PWRF]
[    1.634299] input: Sleep Button as /devices/LNXSYSTM:00/LNXSLPBN:00/input/input1
[    1.639954] ACPI: Sleep Button [SLPF]
[    1.644229] ACPI: Battery Slot [BAT0] (battery present)
[    1.646882] Serial: 8250/16550 driver, 32 ports, IRQ sharing enabled
[    1.674156] 00:02: ttyS0 at I/O 0x3f8 (irq = 4, base_baud = 115200) is a 16550A
[    1.683889] Linux agpgart interface v0.103
[    1.690351] loop: module loaded
[    1.694546] scsi host0: ata_piix
[    1.697679] scsi host1: ata_piix
[    1.699937] ata1: PATA max UDMA/33 cmd 0x1f0 ctl 0x3f6 bmdma 0xd000 irq 14
[    1.702597] ata2: PATA max UDMA/33 cmd 0x170 ctl 0x376 bmdma 0xd008 irq 15
[    1.705798] libphy: Fixed MDIO Bus: probed
[    1.707781] tun: Universal TUN/TAP device driver, 1.6
[    1.709335] PPP generic driver version 2.4.2
[    1.710528] ehci_hcd: USB 2.0 'Enhanced' Host Controller (EHCI) Driver
[    1.712292] ehci-pci: EHCI PCI platform driver
[    1.713576] ehci-platform: EHCI generic platform driver
[    1.714768] ohci_hcd: USB 1.1 'Open' Host Controller (OHCI) Driver
[    1.716124] ohci-pci: OHCI PCI platform driver
[    1.717205] ohci-platform: OHCI generic platform driver
[    1.718850] uhci_hcd: USB Universal Host Controller Interface driver
[    1.720075] i8042: PNP: PS/2 Controller [PNP0303:PS2K,PNP0f03:PS2M] at 0x60,0x64 irq 1,12
[    1.722507] serio: i8042 KBD port at 0x60,0x64 irq 1
[    1.724335] serio: i8042 AUX port at 0x60,0x64 irq 12
[    1.726964] mousedev: PS/2 mouse device common for all mice
[    1.731095] input: AT Translated Set 2 keyboard as /devices/platform/i8042/serio0/input/input2
[    1.736234] rtc_cmos rtc_cmos: rtc core: registered rtc_cmos as rtc0
[    1.739004] rtc_cmos rtc_cmos: alarms up to one day, 114 bytes nvram
[    1.740761] i2c /dev entries driver
[    1.741707] device-mapper: uevent: version 1.0.3
[    1.743187] device-mapper: ioctl: 4.37.0-ioctl (2017-09-20) initialised: dm-devel@redhat.com
[    1.745984] ledtrig-cpu: registered to indicate activity on CPUs
[    1.747909] intel_pmc_core:  initialized
[    1.749137] NET: Registered protocol family 10
[    1.753484] Segment Routing with IPv6
[    1.754336] NET: Registered protocol family 17
[    1.755400] Key type dns_resolver registered
[    1.756452] mce: Using 0 MCE banks
[    1.757308] RAS: Correctable Errors collector initialized.
[    1.758882] sched_clock: Marking stable (1756350734, 0)->(2237520194, -481169460)
[    1.760802] registered taskstats version 1
[    1.762229] Loading compiled-in X.509 certificates
[    1.768287] Loaded X.509 cert 'Build time autogenerated kernel key: de118354fe72448b469776565e76ac30c08e8db2'
[    1.774462] Loaded X.509 cert 'Canonical Ltd. Live Patch Signing: 14df34d1a87cf37625abec039ef2bf521249b969'
[    1.782915] Loaded X.509 cert 'Canonical Ltd. Kernel Module Signing: 88f752e560a1e0737e31163a466ad7b70a850c19'
[    1.790497] zswap: loaded using pool lzo/zbud
[    1.800905] Key type big_key registered
[    1.802914] Key type trusted registered
[    1.807990] Key type encrypted registered
[    1.810015] AppArmor: AppArmor sha1 policy hashing enabled
[    1.811301] ima: No TPM chip found, activating TPM-bypass! (rc=-19)
[    1.814001] ima: Allocated hash algorithm: sha1
[    1.815989] evm: HMAC attrs: 0x1
[    1.817877]   Magic number: 5:662:987
[    1.819063] machinecheck machinecheck0: hash matches
[    1.820807] rtc_cmos rtc_cmos: setting system clock to 2021-05-26 12:57:38 UTC (1622033858)
[    1.823539] BIOS EDD facility v0.16 2004-Jun-25, 0 devices found
[    1.825756] EDD information not available.
[    1.899866] Freeing unused kernel image memory: 2444K
[    1.908562] Write protecting the kernel read-only data: 20480k
[    1.912277] Freeing unused kernel image memory: 2008K
[    1.915106] Freeing unused kernel image memory: 1828K
[    1.938783] x86/mm: Checked W+X mappings: passed, no W+X pages found.
[    1.941339] x86/mm: Checking user space page tables
[    1.966642] x86/mm: Checked W+X mappings: passed, no W+X pages found.
Loading, please wait...
starting version 237
[    2.226380] e1000: Intel(R) PRO/1000 Network Driver - version 7.3.21-k8-NAPI
[    2.229001] e1000: Copyright (c) 1999-2006 Intel Corporation.
[    2.238445] Fusion MPT base driver 3.04.20
[    2.240359] Copyright (c) 1999-2008 LSI Corporation
[    2.310322] Fusion MPT SPI Host driver 3.04.20
[    2.400283] AVX2 version of gcm_enc/dec engaged.
[    2.403378] AES CTR mode by8 optimization enabled
[    2.475303] input: ImExPS/2 Generic Explorer Mouse as /devices/platform/i8042/serio1/input/input4
[    2.962713] e1000 0000:00:03.0 eth0: (PCI:33MHz:32-bit) 02:79:d1:66:99:96
[    2.965960] e1000 0000:00:03.0 eth0: Intel(R) PRO/1000 Network Connection
[    2.971354] mptbase: ioc0: Initiating bringup
[    3.068674] ioc0: LSI53C1030 A0: Capabilities={Initiator}
[    3.313481] scsi host2: ioc0: LSI53C1030 A0, FwRev=00000000h, Ports=1, MaxQ=256, IRQ=20
[    3.480953] scsi 2:0:0:0: Direct-Access     VBOX     HARDDISK         1.0  PQ: 0 ANSI: 5
[    3.483189] scsi target2:0:0: Beginning Domain Validation
[    3.488074] random: fast init done
[    3.489942] scsi target2:0:0: Domain Validation skipping write tests
[    3.493121] scsi target2:0:0: Ending Domain Validation
[    3.495518] scsi target2:0:0: asynchronous
[    3.498379] scsi 2:0:1:0: Direct-Access     VBOX     HARDDISK         1.0  PQ: 0 ANSI: 5
[    3.500240] scsi target2:0:1: Beginning Domain Validation
[    3.502378] scsi target2:0:1: Domain Validation skipping write tests
[    3.503968] scsi target2:0:1: Ending Domain Validation
[    3.505218] scsi target2:0:1: asynchronous
[    3.513725] random: systemd-udevd: uninitialized urandom read (16 bytes read)
[    3.516605] random: systemd-udevd: uninitialized urandom read (16 bytes read)
[    3.519190] random: systemd-udevd: uninitialized urandom read (16 bytes read)
[    3.523016] sd 2:0:0:0: [sda] 83886080 512-byte logical blocks: (42.9 GB/40.0 GiB)
[    3.525770] sd 2:0:0:0: Attached scsi generic sg0 type 0
[    3.527349] sd 2:0:0:0: [sda] Write Protect is off
[    3.529145] sd 2:0:0:0: [sda] Incomplete mode parameter data
[    3.530355] sd 2:0:0:0: [sda] Assuming drive cache: write through
[    3.531994] sd 2:0:1:0: Attached scsi generic sg1 type 0
[    3.534660] sd 2:0:1:0: [sdb] 20480 512-byte logical blocks: (10.5 MB/10.0 MiB)
[    3.537143] sd 2:0:1:0: [sdb] Write Protect is off
[    3.548875] sd 2:0:1:0: [sdb] Incomplete mode parameter data
[    3.550581] sd 2:0:1:0: [sdb] Assuming drive cache: write through
[    3.552653]  sda: sda1
[    3.554706] sd 2:0:0:0: [sda] Attached SCSI disk
[    3.557664] sd 2:0:1:0: [sdb] Attached SCSI disk
[    4.082836] e1000 0000:00:08.0 eth1: (PCI:33MHz:32-bit) 08:00:27:1b:e6:bc
[    4.085802] e1000 0000:00:08.0 eth1: Intel(R) PRO/1000 Network Connection
[    4.092061] e1000 0000:00:08.0 enp0s8: renamed from eth1
[    4.098200] e1000 0000:00:03.0 enp0s3: renamed from eth0
Begin: Loading essential drivers ... [    6.104479] raid6: sse2x1   gen()  4728 MB/s
[    6.152093] raid6: sse2x1   xor()  2768 MB/s
[    6.200076] raid6: sse2x2   gen()  4472 MB/s
[    6.248113] raid6: sse2x2   xor()  2812 MB/s
[    6.296142] raid6: sse2x4   gen()  5719 MB/s
[    6.344171] raid6: sse2x4   xor()  3513 MB/s
[    6.392086] raid6: avx2x1   gen()  5971 MB/s
[    6.440153] raid6: avx2x1   xor()  5636 MB/s
[    6.488206] raid6: avx2x2   gen()  8198 MB/s
[    6.536104] raid6: avx2x2   xor()  7255 MB/s
[    6.584063] raid6: avx2x4   gen()  9628 MB/s
[    6.632340] raid6: avx2x4   xor()  9001 MB/s
[    6.634255] raid6: using algorithm avx2x4 gen() 9628 MB/s
[    6.636256] raid6: .... xor() 9001 MB/s, rmw enabled
[    6.638141] raid6: using avx2x2 recovery algorithm
[    6.642764] xor: automatically using best checksumming function   avx       
[    6.648267] async_tx: api initialized (async)
done.
Begin: Running /scripts/init-premount ... done.
Begin: Mounting root file system ... Begin: Running /scripts/local-top ... done.
Begin: Running /scripts/local-premount ... [    6.758962] Btrfs loaded, crc32c=crc32c-intel
Scanning for Btrfs filesystems
done.
Warning: fsck not present, so skipping root file system
[    6.819100] EXT4-fs (sda1): mounted filesystem with ordered data mode. Opts: (null)
done.
Begin: Running /scripts/local-bottom ... done.
Begin: Running /scripts/init-bottom ... done.
[    7.097545] ip_tables: (C) 2000-2006 Netfilter Core Team
[    7.110841] systemd[1]: systemd 237 running in system mode. (+PAM +AUDIT +SELINUX +IMA +APPARMOR +SMACK +SYSVINIT +UTMP +LIBCRYPTSETUP +GCRYPT +GNUTLS +ACL +XZ +LZ4 +SECCOMP +BLKID +ELFUTILS +KMOD -IDN2 +IDN -PCRE2 default-hierarchy=hybrid)
[    7.117299] systemd[1]: Detected virtualization oracle.
[    7.118950] systemd[1]: Detected architecture x86-64.

Welcome to [1mUbuntu 18.04.5 LTS[0m!

[    7.124986] systemd[1]: Set hostname to <ubuntu>.
[    7.128769] systemd[1]: Initializing machine ID from random generator.
[    7.131271] systemd[1]: Installed transient /etc/machine-id file.
[    7.607493] systemd[1]: Created slice User and Session Slice.
[[0;32m  OK  [0m] Created slice User and Session Slice.
[    7.611650] systemd[1]: Reached target System Time Synchronized.
[[0;32m  OK  [0m] Reached target System Time Synchronized.
[    7.616376] systemd[1]: Started Forward Password Requests to Wall Directory Watch.
[[0;32m  OK  [0m] Started Forward Password Requests to Wall Directory Watch.
[    7.621597] systemd[1]: Set up automount Arbitrary Executable File Formats File System Automount Point.
[[0;32m  OK  [0m] Set up automount Arbitrary Executab…rmats File System Automount Point.
[[0;32m  OK  [0m] Created slice System Slice.
[[0;32m  OK  [0m] Listening on Device-mapper event daemon FIFOs.
[[0;32m  OK  [0m] Listening on fsck to fsckd communication Socket.
[[0;32m  OK  [0m] Listening on LVM2 poll daemon socket.
[[0;32m  OK  [0m] Listening on Syslog Socket.
[[0;32m  OK  [0m] Reached target Slices.
[[0;32m  OK  [0m] Listening on Journal Socket (/dev/log).
[[0;32m  OK  [0m] Listening on Journal Socket.
         Mounting Kernel Debug File System...
         Starting Load Kernel Modules...
[[0;32m  OK  [0m] Listening on udev Control Socket.
         Starting File System Check on Root Device...
         Starting Set the console keyboard layout...[    7.723721] Loading iSCSI transport class v2.0-870.

[[0;32m  OK  [0m] Listening on udev Kernel Socket.
         Starting udev Coldplug all Devices...
[[0;32m  OK  [0m] Listening on Network Service Netlink Socket.
[[0;32m  OK  [0m] Listening on /dev/initctl Compatibility Named Pipe.
         Starting Uncomplicated firewall...
[[0;32m  OK  [0m] Created slice system-serial\x2dgetty.slice.
[[0;32m  OK  [0m] Listening on Journal Audit Socket.
         Starting Journal Service...
         Starting Create list of required st…ce nodes for the current kernel...
         Mounting POSIX Message Queue File System...
[[0;32m  OK  [0m] Listening on LVM2 metadata daemon socket.
[    7.807929] iscsi: registered transport (tcp)
         Starting Monitoring of LVM2 mirrors…ng dmeventd or progress polling...
         Mounting Huge Pages File System...
[[0;32m  OK  [0m] Reached target Swap.
[[0;32m  OK  [0m] Reached target User and Group Name Lookups.
[[0;32m  OK  [0m] Mounted Kernel Debug File System.
[[0;32m  OK  [0m] Started Uncomplicated firewall.
[[0;32m  OK  [0m] Started Create list of required sta…vice nodes for the current kernel.
[[0;32m  OK  [0m] Mounted POSIX Message Queue File System.
[[0;32m  OK  [0m] Started File System Check Daemon to report status.
         Starting Create Static Device Nodes in /dev...
[[0;32m  OK  [0m] Mounted Huge Pages File System.
[[0;32m  OK  [0m] Started Create Static Device Nodes in /dev.
[[0;32m  OK  [0m] Started File System Check on Root Device.
         Starting Remount Root and Kernel File Systems...
[    8.080010] EXT4-fs (sda1): re-mounted. Opts: (null)
[    8.088852] iscsi: registered transport (iser)
[[0;32m  OK  [0m] Started Load Kernel Modules.
         Mounting FUSE Control File System...
         Mounting Kernel Configuration File System...
         Starting Apply Kernel Variables...
[[0;32m  OK  [0m] Started Remount Root and Kernel File Systems.
[[0;32m  OK  [0m] Mounted FUSE Control File System.
         Starting udev Kernel Device Manager...
         Starting Load/Save Random Seed...
[[0;32m  OK  [0m] Started Load/Save Random Seed.
[[0;32m  OK  [0m] Mounted Kernel Configuration File System.
[[0;32m  OK  [0m] Started LVM2 metadata daemon.
[[0;32m  OK  [0m] Started udev Kernel Device Manager.
[[0;32m  OK  [0m] Started Apply Kernel Variables.
[[0;32m  OK  [0m] Started Monitoring of LVM2 mirrors,…sing dmeventd or progress polling.
[[0;32m  OK  [0m] Started udev Coldplug all Devices.
[[0;32m  OK  [0m] Started Journal Service.
         Starting Flush Journal to Persistent Storage...
[[0;32m  OK  [0m] Started Flush Journal to Persistent Storage.
[[0;32m  OK  [0m] Started Set the console keyboard layout.
[[0;32m  OK  [0m] Started Dispatch Password Requests to Console Directory Watch.
[[0;32m  OK  [0m] Reached target Local Encrypted Volumes.
[[0;32m  OK  [0m] Reached target Local File Systems (Pre).
[[0;32m  OK  [0m] Reached target Local File Systems.
         Starting Create Volatile Files and Directories...
         Starting AppArmor initialization...
         Starting ebtables ruleset management...
         Starting Tell Plymouth To Write Out Runtime Data...
         Starting Set console font and keymap...
         Starting Commit a transient machine-id on disk...
[[0;32m  OK  [0m] Started Tell Plymouth To Write Out Runtime Data.
[[0;32m  OK  [0m] Started Set console font and keymap.
[[0;32m  OK  [0m] Started Commit a transient machine-id on disk.
[[0;32m  OK  [0m] Started Create Volatile Files and Directories.
         Starting Update UTMP about System Boot/Shutdown...
[[0;32m  OK  [0m] Started Update UTMP about System Boot/Shutdown.
[[0;32m  OK  [0m] Started ebtables ruleset management.
[[0;32m  OK  [0m] Found device /dev/ttyS0.
[[0;32m  OK  [0m] Listening on Load/Save RF Kill Switch Status /dev/rfkill Watch.
[[0;32m  OK  [0m] Started AppArmor initialization.
         Starting Initial cloud-init job (pre-networking)...
         Starting Load AppArmor profiles managed internally by snapd...
[[0;32m  OK  [0m] Started Load AppArmor profiles managed internally by snapd.
[   18.893599] cloud-init[564]: Cloud-init v. 21.1-19-gbad84ad4-0ubuntu1~18.04.2 running 'init-local' at Wed, 26 May 2021 12:57:54 +0000. Up 17.82 seconds.
[[0;32m  OK  [0m] Started Initial cloud-init job (pre-networking).
[[0;32m  OK  [0m] Reached target Network (Pre).
         Starting Network Service...
[[0;32m  OK  [0m] Started Network Service.
         Starting Network Name Resolution...
         Starting Wait for Network to be Configured...
[[0;32m  OK  [0m] Started Network Name Resolution.
[[0;32m  OK  [0m] Reached target Host and Network Name Lookups.
[[0;32m  OK  [0m] Reached target Network.
[[0;32m  OK  [0m] Started Wait for Network to be Configured.
         Starting Initial cloud-init job (metadata service crawler)...
[   21.924632] cloud-init[661]: Cloud-init v. 21.1-19-gbad84ad4-0ubuntu1~18.04.2 running 'init' at Wed, 26 May 2021 12:57:58 +0000. Up 21.45 seconds.
[   21.927201] cloud-init[661]: ci-info: ++++++++++++++++++++++++++++++++++++++Net device info+++++++++++++++++++++++++++++++++++++++
[   21.944434] cloud-init[661]: ci-info: +--------+-------+----------------------------+---------------+--------+-------------------+
[   21.956421] cloud-init[661]: ci-info: | Device |   Up  |          Address           |      Mask     | Scope  |     Hw-Address    |
[   21.958714] cloud-init[661]: ci-info: +--------+-------+----------------------------+---------------+--------+-------------------+
[   21.960973] cloud-init[661]: ci-info: | enp0s3 |  True |         10.0.2.15          | 255.255.255.0 | global | 02:79:d1:66:99:96 |
[   21.973038] cloud-init[661]: ci-info: | enp0s3 |  True | fe80::79:d1ff:fe66:9996/64 |       .       |  link  | 02:79:d1:66:99:96 |
[   21.975603] cloud-init[661]: ci-info: | enp0s8 | False |             .              |       .       |   .    | 08:00:27:1b:e6:bc |
[   21.979540] cloud-init[661]: ci-info: |   lo   |  True |         127.0.0.1          |   255.0.0.0   |  host  |         .         |
[   21.984478] cloud-init[661]: ci-info: |   lo   |  True |          ::1/128           |       .       |  host  |         .         |
[   21.988346] cloud-init[661]: ci-info: +--------+-------+----------------------------+---------------+--------+-------------------+
[   21.990878] cloud-init[661]: ci-info: ++++++++++++++++++++++++++++Route IPv4 info+++++++++++++++++++++++++++++
[   21.992524] cloud-init[661]: ci-info: +-------+-------------+----------+-----------------+-----------+-------+
[   21.996452] cloud-init[661]: ci-info: | Route | Destination | Gateway  |     Genmask     | Interface | Flags |
[   22.008348] cloud-init[661]: ci-info: +-------+-------------+----------+-----------------+-----------+-------+
[   22.010177] cloud-init[661]: ci-info: |   0   |   0.0.0.0   | 10.0.2.2 |     0.0.0.0     |   enp0s3  |   UG  |
[   22.012393] cloud-init[661]: ci-info: |   1   |   10.0.2.0  | 0.0.0.0  |  255.255.255.0  |   enp0s3  |   U   |
[   22.015934] cloud-init[661]: ci-info: |   2   |   10.0.2.2  | 0.0.0.0  | 255.255.255.255 |   enp0s3  |   UH  |
[   22.018259] cloud-init[661]: ci-info: +-------+-------------+----------+-----------------+-----------+-------+
[   22.020198] cloud-init[661]: ci-info: +++++++++++++++++++Route IPv6 info+++++++++++++++++++
[   22.022152] cloud-init[661]: ci-info: +-------+-------------+---------+-----------+-------+
[   22.032286] cloud-init[661]: ci-info: | Route | Destination | Gateway | Interface | Flags |
[   22.044263] cloud-init[661]: ci-info: +-------+-------------+---------+-----------+-------+
[   22.046161] cloud-init[661]: ci-info: |   1   |  fe80::/64  |    ::   |   enp0s3  |   U   |
[   22.048144] cloud-init[661]: ci-info: |   3   |    local    |    ::   |   enp0s3  |   U   |
[   22.049870] cloud-init[661]: ci-info: |   4   |   ff00::/8  |    ::   |   enp0s3  |   U   |
[   22.051018] cloud-init[661]: ci-info: +-------+-------------+---------+-----------+-------+
[   23.563937] cloud-init[661]: Generating public/private rsa key pair.
[   23.565019] cloud-init[661]: Your identification has been saved in /etc/ssh/ssh_host_rsa_key.
[   23.576501] cloud-init[661]: Your public key has been saved in /etc/ssh/ssh_host_rsa_key.pub.
[   23.588432] cloud-init[661]: The key fingerprint is:
[   23.600667] cloud-init[661]: SHA256:OaKxyVE4qO4LAkZMK8NV3iBrImX34fpXdPJhkYtTtEk root@ubuntu-bionic
[   23.612577] cloud-init[661]: The key's randomart image is:
[   23.613936] cloud-init[661]: +---[RSA 2048]----+
[   23.624612] cloud-init[661]: | .oooo.    .E.   |
[   23.636324] cloud-init[661]: |+ooo++o.   .o+   |
[   23.637278] cloud-init[661]: |+*.oo.+.  oo*.   |
[   23.648375] cloud-init[661]: |+oo  +   oo=..   |
[   23.660595] cloud-init[661]: |o.  + . S ...    |
[   23.661541] cloud-init[661]: |+  . B . o       |
[   23.672549] cloud-init[661]: |o.  = . .        |
[   23.673481] cloud-init[661]: |+      .         |
[   23.684515] cloud-init[661]: | o.              |
[   23.685335] cloud-init[661]: +----[SHA256]-----+
[   23.686237] cloud-init[661]: Generating public/private dsa key pair.
[   23.697033] cloud-init[661]: Your identification has been saved in /etc/ssh/ssh_host_dsa_key.
[   23.699043] cloud-init[661]: Your public key has been saved in /etc/ssh/ssh_host_dsa_key.pub.
[[0;32m  OK  [0m] Started Initial cloud-init job (metadata service crawler).
[[0;32m  OK  [0m] Reached target Network is Online.
[   23.717666] cloud-init[661]: The key fingerprint is:
[   23.729713]          Starting Availability of block devices...
[[0;32m  OK  [0m] Reached target Remote File Systems (Pre).
[[0;32m  OK  [0m] Reached target Remote File Systems.
[[0;32m  OK  [0mcloud-init[661]: SHA256:SKzTsU7BauT0UzgRKLuP6lfo1sHsha/NYGJQpL9g2Ck root@ubuntu-bionic
[   23.737165] cloud-init[661]: The key's randomart image is:
[   23.738010] cloud-init[661]: +---[DSA 1024]----+
[   23.738762] cloud-init[661]: |   . .o.         |
[   23.739395] cloud-init[661]: |  + .o o         |
] Reached target Cloud-config availability.
[[0;32m  OK  [0m] Reached target System Initialization.
[[0;32m  OK  [0m] Started Message of the Day.
[[0;32m  OK  [0m] Started ACPI Events Check.
[[0;32m  OK  [0m] Reached target Paths.
[[0;32m  OK  [0m] Started Ubuntu Advantage update messaging.
[[0;32m  OK  [0m] Started Daily Cleanup of Temporary Directories.
[[0;32m  OK  [0m] Listening on Open-iSCSI iscsid Socket.
[   23.752636] cloud-init[661]: | . +o O .        |
[   23.754206] cloud-init[661]: |..+= * B         |
[   23.756451]          Starting LXD - unix socket.
[[0;32m  OK  [0m] Listening on D-Bus System Message Bus Socket.
cloud-init[661]: |E+ooX O S        |
[[0;32m  OK  [0m] Listening on UUID daemon activation socket.
[[0;32m  OK  [0m] Listening on ACPID Listen Socket.
[[0;32m  OK  [0m] Started Discard unused blocks once a week.
[[0;32m  OK  [0m] Started Daily apt download activities.
[[0;32m  OK  [0m] Started Daily apt upgrade and clean activities.[   23.773098] cloud-init[661]: |..+o.X o         |
[   23.773964] cloud-init[661]: |  .*+o=          |
[   23.775031] cloud-init[661]: |  o++o+.         |

         Starting Socket activation for snappy daemon.
[[0;32m  OK  [0m] Reached target Timers.
[   23.810035] cloud-init[661]: |ooo  ..o         |
[   23.810792] cloud-init[661]: +----[SHA256]-----+
[   23.811118] cloud-init[661]: Generating public/private ecdsa key pair.
[   23.812505] cloud-init[661]: Your identification has been saved in /etc/ssh/ssh_host_ecdsa_key.
[   23.813332] cloud-init[661]: Your public key has been saved in /etc/ssh/ssh_host_ecdsa_key.pub.
[   23.814760] cloud-init[661]: The key fingerprint is:
[   23.815260] cloud-init[661]: SHA256:uuT/Zcp5OWghqajOOwihmcXQTnCpjW1WcaZ9MS4KCzs root@ubuntu-bionic
[   23.818988] cloud-init[661]: The key's randomart image is:
[   23.822806] cloud-init[661]: +---[ECDSA 256]---+[[0;32m  OK  [0m] Started Availability of block devices.
[[0;32m  OK  [0m] Listening on LXD - unix socket.
[[0;32m  OK  [0m] Listening on Socket activation for snappy daemon.
[   23.835490] cloud-init[661]: |.o....o o        |
[   23.837682] cloud-init[661]: |..+ .= . o       |
[   23.839076] cloud-init[661]: |.X... o o        |
[   23.840066] 
[[0;32m  OK  [0m] Reached target Sockets.
[[0;32m  OK  [0m] Reached target Basic System.
         Starting System Logging Service...
cloud-init[661]: |+oOo . o         |
         Starting Pollinate to seed the pseudo random number generator...
[[0;32m  OK  [0m] Started D-Bus System Message Bus.
[   23.865589] cloud-init[661]: |EB. .   S.       |
[   23.882038] cloud-init[661]: |=.     .o .      |
[   23.892241] cloud-init[661]: |..   .o. . oo.   |
[   23.892927] cloud-init[661]: |... .o.. .o=+    |
[   23.904492] cloud-init[661]: | .=+  o..o=. .   |
[   23.905520] cloud-init[661]: +----[SHA256]-----+
[   23.907035] cloud-init[661]: Generating public/private ed25519 key pair.
[   23.916406] cloud-init[661]: Your identification has been saved in /etc/ssh/ssh_host_ed25519_key.
[   23.917825] cloud-init[661]: Your public key has been saved in /etc/ssh/ssh_host_ed25519_key.pub.
[   23.928468] cloud-init[661]: The key fingerprint is:
[   23.931720] cloud-init[661]: SHA256:mGDtUafYvuZpw1c2vPqj4rW8oAGELWOVfnWopfwAyhQ root@ubuntu-bionic
[   23.933588] cloud-init[661]: The key's randomart image is:
[   23.934543] cloud-init[661]: +--[ED25519 256]--+
[   23.935971] cloud-init[661]: |  E...  ...      |
[   23.938604] cloud-init[661]: |  .+o. ++o.      |
[   23.944932] cloud-init[661]: | o=o=o+=o.       |
         Starting Virtualbox guest utils...
[   23.952639] cloud-init[661]: | .o=.o*=         |
[   23.954537] cloud-init[661]: |    ..+oS  .     |
[   23.955673] cloud-init[661]: |     .  ..  =    |
[[0;32m  OK  [0m] Started irqbalance daemon.
[   23.971183]          Starting Login Service...
cloud-init[661]: |      ..+ .o o   |
[   23.982576]          Starting LXD - container startup/shutdown...
         Starting Permit User Sessions...
cloud-init[661]: |       ===..o    |
         Starting LSB: Record successful boot for GRUB...
[   24.023353] cloud-init[661]: |      .o++*=..   |
[   24.027889] cloud-init[661]: +----[SHA256]-----+
[[0;32m  OK  [0m] Started Regular background program processing daemon.
         Starting Accounts Service...
         Starting LSB: automatic crash report generation...
[[0;32m  OK  [0m] Started Deferred execution scheduler.
[[0;32m  OK  [0m] Started FUSE filesystem for LXC.
         Starting Dispatcher daemon for systemd-networkd...
         Starting Snap Daemon...
[[0;32m  OK  [0m] Started System Logging Service.
[[0;32m  OK  [0m] Started LXD - container startup/shutdown.
[[0;32m  OK  [0m] Started Permit User Sessions.
[[0;32m  OK  [0m] Started Login Service.
[[0;32m  OK  [0m] Started Unattended Upgrades Shutdown.
         Starting Terminate Plymouth Boot Screen...
         Starting Hold until boot process finishes up...
[[0;32m  OK  [0m] Started Hold until boot process finishes up.
[[0;32m  OK  [0m] Started Terminate Plymouth Boot Screen.
[[0;32m  OK  [0m] Started LSB: Record successful boot for GRUB.
         Starting Authorization Manager...
         Starting Set console scheme...
[[0;32m  OK  [0m] Started Serial Getty on ttyS0.
[[0;32m  OK  [0m] Started Set console scheme.
[[0;32m  OK  [0m] Created slice system-getty.slice.
[[0;32m  OK  [0m] Started Getty on tty1.
[[0;32m  OK  [0m] Reached target Login Prompts.
[[0;32m  OK  [0m] Started LSB: automatic crash report generation.
[[0;32m  OK  [0m] Started Authorization Manager.
[[0;32m  OK  [0m] Started Accounts Service.
[[0;32m  OK  [0m] Started Virtualbox guest utils.
[[0;32m  OK  [0m] Started Pollinate to seed the pseudo random number generator.
         Starting OpenBSD Secure Shell server...
[[0;32m  OK  [0m] Started OpenBSD Secure Shell server.
[[0;32m  OK  [0m] Started Dispatcher daemon for systemd-networkd.
[[0;32m  OK  [0m] Started Snap Daemon.
         Starting Wait until snapd is fully seeded...
[[0;32m  OK  [0m] Created slice User Slice of vagrant.
         Starting User Manager for UID 1000...
[[0;32m  OK  [0m] Started Session 1 of user vagrant.
[[0;32m  OK  [0m] Started User Manager for UID 1000.
[[0;32m  OK  [0m] Started Wait until snapd is fully seeded.
[[0;32m  OK  [0m] Reached target Multi-User System.
[[0;32m  OK  [0m] Reached target Graphical Interface.
         Starting Update UTMP about System Runlevel Changes...
         Starting Apply the settings specified in cloud-config...
[[0;32m  OK  [0m] Started Update UTMP about System Runlevel Changes.

Ubuntu 18.04.5 LTS ubuntu-bionic ttyS0

ubuntu-bionic login: [   34.681026] cloud-init[1009]: Cloud-init v. 21.1-19-gbad84ad4-0ubuntu1~18.04.2 running 'modules:config' at Wed, 26 May 2021 12:58:09 +0000. Up 32.37 seconds.
ci-info: no authorized SSH keys fingerprints found for user ubuntu.
<14>May 26 12:58:14 ec2: 
<14>May 26 12:58:14 ec2: #############################################################
<14>May 26 12:58:14 ec2: -----BEGIN SSH HOST KEY FINGERPRINTS-----
<14>May 26 12:58:14 ec2: 1024 SHA256:SKzTsU7BauT0UzgRKLuP6lfo1sHsha/NYGJQpL9g2Ck root@ubuntu-bionic (DSA)
<14>May 26 12:58:14 ec2: 256 SHA256:uuT/Zcp5OWghqajOOwihmcXQTnCpjW1WcaZ9MS4KCzs root@ubuntu-bionic (ECDSA)
<14>May 26 12:58:14 ec2: 256 SHA256:mGDtUafYvuZpw1c2vPqj4rW8oAGELWOVfnWopfwAyhQ root@ubuntu-bionic (ED25519)
<14>May 26 12:58:14 ec2: 2048 SHA256:OaKxyVE4qO4LAkZMK8NV3iBrImX34fpXdPJhkYtTtEk root@ubuntu-bionic (RSA)
<14>May 26 12:58:14 ec2: -----END SSH HOST KEY FINGERPRINTS-----
<14>May 26 12:58:14 ec2: #############################################################
-----BEGIN SSH HOST KEY KEYS-----
ecdsa-sha2-nistp256 AAAAE2VjZHNhLXNoYTItbmlzdHAyNTYAAAAIbmlzdHAyNTYAAABBBEUwMFsj/n4V95zMRD+gk8j7sDibRsZxViNuNSwHqAPSCRD25UPOELI4cWJUuavbqwjsYrmlrAKl2farjwE239g= root@ubuntu-bionic
ssh-ed25519 AAAAC3NzaC1lZDI1NTE5AAAAIHLs0Ok1m7ilIzB4Lu8G971/elevViGLYLybzMM5Vgvx root@ubuntu-bionic
ssh-rsa AAAAB3NzaC1yc2EAAAADAQABAAABAQDhAn+3uVuADTNkZaqfRlh9sA7A1UdhtqP9nYaEnXvqxAogpq+o7zBlcdNQOceysPk24YuitFEYZsCvtBC5EWuHa3qMXwJ/jgv4jdNcLT8JClAlHVfy2ncD9DGMzYgvog+9wp4C2zk5i2zgBgZbb1hSttAo5+rHupL92Hb2phMTa8Q0cwFtwQrGiX6FJrRTIjunSh19z0gtoKCyXBod2eFp+5EYEDT97ISzhnjVxgZsnZKjRM5j7C+Zmaluq10YeitioEeoxHuiVBrOPn69BRZjnFdwk4leVtsdAhBTep50Gbn93Pu6VF+2+e677/z6hNqbIL879YHxW3XaJzHfvOEN root@ubuntu-bionic
-----END SSH HOST KEY KEYS-----
[   37.752634] cloud-init[1165]: Cloud-init v. 21.1-19-gbad84ad4-0ubuntu1~18.04.2 running 'modules:final' at Wed, 26 May 2021 12:58:13 +0000. Up 37.22 seconds.
[   37.755049] cloud-init[1165]: ci-info: no authorized SSH keys fingerprints found for user ubuntu.
[   37.764705] cloud-init[1165]: Cloud-init v. 21.1-19-gbad84ad4-0ubuntu1~18.04.2 finished at Wed, 26 May 2021 12:58:14 +0000. Datasource DataSourceNoCloud [seed=/dev/sdb][dsmode=net].  Up 37.69 seconds
[[0;32m  OK  [0m] Stopped Unattended Upgrades Shutdown.
         Stopping Authorization Manager...
         Stopping Availability of block devices...
[[0;32m  OK  [0m] Stopped target Graphical Interface.
[[0;32m  OK  [0m] Stopped target Timers.
[[0;32m  OK  [0m] Stopped Daily Cleanup of Temporary Directories.
[[0;32m  OK  [0m] Stopped Message of the Day.
         Unmounting /vagrant...
[[0;32m  OK  [0m] Stopped Discard unused blocks once a week.
[[0;32m  OK  [0m] Stopped Daily apt upgrade and clean activities.
[[0;32m  OK  [0m] Stopped Daily apt download activities.
         Stopping Accounts Service...
[[0;32m  OK  [0m] Closed Load/Save RF Kill Switch Status /dev/rfkill Watch.
[[0;32m  OK  [0m] Stopped Clean PHP session files every 30 mins.
[[0;32m  OK  [0m] Stopped target Cloud-init target.
[[0;32m  OK  [0m] Stopped Execute cloud user/final scripts.
         Stopping Session 52 of user vagrant.
[[0;32m  OK  [0m] Stopped Ubuntu Advantage update messaging.
[[0;32m  OK  [0m] Stopped target System Time Synchronized.
[[0;32m  OK  [0m] Stopped target Multi-User System.
         Stopping Deferred execution scheduler...
         Stopping Docker Application Container Engine...
         Stopping System Logging Service...
         Stopping LSB: Record successful boot for GRUB...
         Stopping LSB: automatic crash report generation...
         Stopping LXD - container startup/shutdown...
         Stopping The Apache HTTP Server...
         Stopping OpenBSD Secure Shell server...
         Stopping FUSE filesystem for LXC...
[[0;32m  OK  [0m] Stopped target Login Prompts.
         Stopping Serial Getty on ttyS0...
         Stopping Getty on tty1...
         Stopping Virtualbox guest utils...
         Stopping D-Bus System Message Bus...
         Stopping Dispatcher daemon for systemd-networkd...
         Stopping Regular background program processing daemon...
         Stopping User Manager for UID 1000...
[[0;32m  OK  [0m] Stopped Apply the settings specified in cloud-config.
[[0;32m  OK  [0m] Stopped target Cloud-config availability.
[[0;32m  OK  [0m] Stopped Wait until snapd is fully seeded.
[[0;32m  OK  [0m] Unmounted /var/lib/lxcfs.
[[0;32m  OK  [0m] Stopped System Logging Service.
[[0;32m  OK  [0m] Stopped Regular background program processing daemon.
[[0;32m  OK  [0m] Stopped Accounts Service.
[[0;32m  OK  [0m] Stopped Deferred execution scheduler.
[[0;32m  OK  [0m] Stopped Dispatcher daemon for systemd-networkd.
[[0;32m  OK  [0m] Stopped Authorization Manager.
[[0;32m  OK  [0m] Stopped Serial Getty on ttyS0.
[[0;32m  OK  [0m] Stopped Getty on tty1.
[[0;32m  OK  [0m] Stopped OpenBSD Secure Shell server.
[[0;32m  OK  [0m] Stopped User Manager for UID 1000.
[[0;32m  OK  [0m] Stopped Availability of block devices.
[[0;32m  OK  [0m] Unmounted /vagrant.
[[0;32m  OK  [0m] Stopped D-Bus System Message Bus.
[[0;32m  OK  [0m] Stopped FUSE filesystem for LXC.
[[0;32m  OK  [0m] Stopped Session 52 of user vagrant.
[[0;32m  OK  [0m] Stopped LXD - container startup/shutdown.
[[0;32m  OK  [0m] Removed slice User Slice of vagrant.
         Stopping Login Service...
[[0;32m  OK  [0m] Removed slice system-getty.slice.
         Stopping Permit User Sessions...
[[0;32m  OK  [0m] Removed slice system-serial\x2dgetty.slice.
[[0;32m  OK  [0m] Stopped Login Service.
[[0;32m  OK  [0m] Stopped LSB: Record successful boot for GRUB.
[[0;32m  OK  [0m] Stopped Permit User Sessions.
[[0;32m  OK  [0m] Stopped LSB: automatic crash report generation.
[[0;32m  OK  [0m] Stopped target User and Group Name Lookups.
[[0;32m  OK  [0m] Stopped Virtualbox guest utils.
[[0;32m  OK  [0m] Stopped The Apache HTTP Server.
[[0;32m  OK  [0m] Stopped target Remote File Systems.
[[0;32m  OK  [0m] Stopped target Remote File Systems (Pre).
[[0;32m  OK  [0m] Stopped target Host and Network Name Lookups.
[[0;32m  OK  [0m] Unmounted /run/docker/netns/997ce3999553.
[[0;32m  OK  [0m] Unmounted /var/lib/docker/overlay2/…e009d547abf787dc4cdf50fefa/merged.
[[0;32m  OK  [0m] Stopped Docker Application Container Engine.
[[0;32m  OK  [0m] Stopped target Network is Online.
         Stopping containerd container runtime...
[[0;32m  OK  [0m] Stopped containerd container runtime.
[[0;32m  OK  [0m] Stopped target Network.
         Stopping Network Name Resolution...
[[0;32m  OK  [0m] Stopped target Basic System.
[[0;32m  OK  [0m] Stopped target Sockets.
[[0;32m  OK  [0m] Closed ACPID Listen Socket.
[[0;32m  OK  [0m] Closed D-Bus System Message Bus Socket.
[[0;32m  OK  [0m] Closed LXD - unix socket.
[[0;32m  OK  [0m] Closed Syslog Socket.
[[0;32m  OK  [0m] Closed Docker Socket for the API.
[[0;32m  OK  [0m] Closed Open-iSCSI iscsid Socket.
[[0;32m  OK  [0m] Closed Socket activation for snappy daemon.
[[0;32m  OK  [0m] Closed UUID daemon activation socket.
[[0;32m  OK  [0m] Stopped target Slices.
[[0;32m  OK  [0m] Removed slice User and Session Slice.
[[0;32m  OK  [0m] Stopped target Paths.
[[0;32m  OK  [0m] Stopped ACPI Events Check.
[[0;32m  OK  [0m] Stopped target System Initialization.
         Stopping Update UTMP about System Boot/Shutdown...
[[0;32m  OK  [0m] Stopped Initial cloud-init job (metadata service crawler).
[[0;32m  OK  [0m] Stopped target Local Encrypted Volumes.
[[0;32m  OK  [0m] Stopped Forward Password Requests to Wall Directory Watch.
[[0;32m  OK  [0m] Stopped Dispatch Password Requests to Console Directory Watch.
         Stopping Load/Save Random Seed...
[[0;32m  OK  [0m] Stopped Commit a transient machine-id on disk.
[[0;32m  OK  [0m] Stopped Network Name Resolution.
[[0;32m  OK  [0m] Stopped Update UTMP about System Boot/Shutdown.
[[0;32m  OK  [0m] Stopped Load/Save Random Seed.
[[0;32m  OK  [0m] Stopped Create Volatile Files and Directories.
[[0;32m  OK  [0m] Stopped target Local File Systems.
         Unmounting /run/user/1000...
         Stopping Network Service...
[[0;32m  OK  [0m] Unmounted /run/user/1000.
[[0;32m  OK  [0m] Reached target Unmount All Filesystems.
[[0;32m  OK  [0m] Stopped target Swap.
[[0;32m  OK  [0m] Stopped target Local File Systems (Pre).
[[0;32m  OK  [0m] Stopped Create Static Device Nodes in /dev.
         Stopping Monitoring of LVM2 mirrors…ng dmeventd or progress polling...
[[0;32m  OK  [0m] Stopped Network Service.
[[0;32m  OK  [0m] Stopped Monitoring of LVM2 mirrors,…sing dmeventd or progress polling.
         Stopping LVM2 metadata daemon...
[[0;32m  OK  [0m] Stopped Apply Kernel Variables.
[[0;32m  OK  [0m] Stopped Load Kernel Modules.
[[0;32m  OK  [0m] Stopped target Network (Pre).
[[0;32m  OK  [0m] Stopped Initial cloud-init job (pre-networking).
[[0;32m  OK  [0m] Stopped Remount Root and Kernel File Systems.
[[0;32m  OK  [0m] Reached target Shutdown.
[[0;32m  OK  [0m] Reached target Final Step.
         Starting Power-Off...
[[0;32m  OK  [0m] Stopped LVM2 metadata daemon.
[44718.220645] reboot: Power down
