[    0.000000] Linux version 4.15.0-144-generic (buildd@lgw01-amd64-031) (gcc version 7.5.0 (Ubuntu 7.5.0-3ubuntu1~18.04)) #148-Ubuntu SMP Sat May 8 02:33:43 UTC 2021 (Ubuntu 4.15.0-144.148-generic 4.15.18)
[    0.000000] Command line: BOOT_IMAGE=/boot/vmlinuz-4.15.0-144-generic root=UUID=aec21e35-c08e-4f04-9060-4fd152d8fd54 ro console=tty1 console=ttyS0
[    0.000000] KERNEL supported cpus:
[    0.000000]   Intel GenuineIntel
[    0.000000]   AMD AuthenticAMD
[    0.000000]   Centaur CentaurHauls
[    0.000000] x86/fpu: Supporting XSAVE feature 0x001: 'x87 floating point registers'
[    0.000000] x86/fpu: Supporting XSAVE feature 0x002: 'SSE registers'
[    0.000000] x86/fpu: Supporting XSAVE feature 0x004: 'AVX registers'
[    0.000000] x86/fpu: xstate_offset[2]:  576, xstate_sizes[2]:  256
[    0.000000] x86/fpu: Enabled xstate features 0x7, context size is 832 bytes, using 'standard' format.
[    0.000000] e820: BIOS-provided physical RAM map:
[    0.000000] BIOS-e820: [mem 0x0000000000000000-0x000000000009fbff] usable
[    0.000000] BIOS-e820: [mem 0x000000000009fc00-0x000000000009ffff] reserved
[    0.000000] BIOS-e820: [mem 0x00000000000f0000-0x00000000000fffff] reserved
[    0.000000] BIOS-e820: [mem 0x0000000000100000-0x000000007ffeffff] usable
[    0.000000] BIOS-e820: [mem 0x000000007fff0000-0x000000007fffffff] ACPI data
[    0.000000] BIOS-e820: [mem 0x00000000fec00000-0x00000000fec00fff] reserved
[    0.000000] BIOS-e820: [mem 0x00000000fee00000-0x00000000fee00fff] reserved
[    0.000000] BIOS-e820: [mem 0x00000000fffc0000-0x00000000ffffffff] reserved
[    0.000000] NX (Execute Disable) protection: active
[    0.000000] SMBIOS 2.5 present.
[    0.000000] DMI: innotek GmbH VirtualBox/VirtualBox, BIOS VirtualBox 12/01/2006
[    0.000000] Hypervisor detected: KVM
[    0.000000] e820: last_pfn = 0x7fff0 max_arch_pfn = 0x400000000
[    0.000000] MTRR: Disabled
[    0.000000] x86/PAT: MTRRs disabled, skipping PAT initialization too.
[    0.000000] CPU MTRRs all blank - virtualized system.
[    0.000000] x86/PAT: Configuration [0-7]: WB  WT  UC- UC  WB  WT  UC- UC  
[    0.000000] found SMP MP-table at [mem 0x0009fff0-0x0009ffff]
[    0.000000] Scanning 1 areas for low memory corruption
[    0.000000] RAMDISK: [mem 0x3581f000-0x36c06fff]
[    0.000000] ACPI: Early table checksum verification disabled
[    0.000000] ACPI: RSDP 0x00000000000E0000 000024 (v02 VBOX  )
[    0.000000] ACPI: XSDT 0x000000007FFF0030 00003C (v01 VBOX   VBOXXSDT 00000001 ASL  00000061)
[    0.000000] ACPI: FACP 0x000000007FFF00F0 0000F4 (v04 VBOX   VBOXFACP 00000001 ASL  00000061)
[    0.000000] ACPI: DSDT 0x000000007FFF0470 002325 (v02 VBOX   VBOXBIOS 00000002 INTL 20100528)
[    0.000000] ACPI: FACS 0x000000007FFF0200 000040
[    0.000000] ACPI: FACS 0x000000007FFF0200 000040
[    0.000000] ACPI: APIC 0x000000007FFF0240 000054 (v02 VBOX   VBOXAPIC 00000001 ASL  00000061)
[    0.000000] ACPI: SSDT 0x000000007FFF02A0 0001CC (v01 VBOX   VBOXCPUT 00000002 INTL 20100528)
[    0.000000] No NUMA configuration found
[    0.000000] Faking a node at [mem 0x0000000000000000-0x000000007ffeffff]
[    0.000000] NODE_DATA(0) allocated [mem 0x7ffc5000-0x7ffeffff]
[    0.000000] kvm-clock: cpu 0, msr 0:7ff44001, primary cpu clock
[    0.000000] kvm-clock: Using msrs 4b564d01 and 4b564d00
[    0.000000] kvm-clock: using sched offset of 3571292408 cycles
[    0.000000] clocksource: kvm-clock: mask: 0xffffffffffffffff max_cycles: 0x1cd42e4dffb, max_idle_ns: 881590591483 ns
[    0.000000] Zone ranges:
[    0.000000]   DMA      [mem 0x0000000000001000-0x0000000000ffffff]
[    0.000000]   DMA32    [mem 0x0000000001000000-0x000000007ffeffff]
[    0.000000]   Normal   empty
[    0.000000]   Device   empty
[    0.000000] Movable zone start for each node
[    0.000000] Early memory node ranges
[    0.000000]   node   0: [mem 0x0000000000001000-0x000000000009efff]
[    0.000000]   node   0: [mem 0x0000000000100000-0x000000007ffeffff]
[    0.000000] Reserved but unavailable: 98 pages
[    0.000000] Initmem setup node 0 [mem 0x0000000000001000-0x000000007ffeffff]
[    0.000000] ACPI: PM-Timer IO Port: 0x4008
[    0.000000] IOAPIC[0]: apic_id 1, version 32, address 0xfec00000, GSI 0-23
[    0.000000] ACPI: INT_SRC_OVR (bus 0 bus_irq 0 global_irq 2 dfl dfl)
[    0.000000] ACPI: INT_SRC_OVR (bus 0 bus_irq 9 global_irq 9 low level)
[    0.000000] Using ACPI (MADT) for SMP configuration information
[    0.000000] smpboot: Allowing 1 CPUs, 0 hotplug CPUs
[    0.000000] PM: Registered nosave memory: [mem 0x00000000-0x00000fff]
[    0.000000] PM: Registered nosave memory: [mem 0x0009f000-0x0009ffff]
[    0.000000] PM: Registered nosave memory: [mem 0x000a0000-0x000effff]
[    0.000000] PM: Registered nosave memory: [mem 0x000f0000-0x000fffff]
[    0.000000] e820: [mem 0x80000000-0xfebfffff] available for PCI devices
[    0.000000] Booting paravirtualized kernel on KVM
[    0.000000] clocksource: refined-jiffies: mask: 0xffffffff max_cycles: 0xffffffff, max_idle_ns: 7645519600211568 ns
[    0.000000] random: get_random_bytes called from start_kernel+0x99/0x500 with crng_init=0
[    0.000000] setup_percpu: NR_CPUS:8192 nr_cpumask_bits:1 nr_cpu_ids:1 nr_node_ids:1
[    0.000000] percpu: Embedded 45 pages/cpu s147456 r8192 d28672 u2097152
[    0.000000] PV qspinlock hash table entries: 256 (order: 0, 4096 bytes)
[    0.000000] Built 1 zonelists, mobility grouping on.  Total pages: 515961
[    0.000000] Policy zone: DMA32
[    0.000000] Kernel command line: BOOT_IMAGE=/boot/vmlinuz-4.15.0-144-generic root=UUID=aec21e35-c08e-4f04-9060-4fd152d8fd54 ro console=tty1 console=ttyS0
[    0.000000] Memory: 2014224K/2096696K available (12300K kernel code, 2483K rwdata, 4316K rodata, 2448K init, 2724K bss, 82472K reserved, 0K cma-reserved)
[    0.000000] SLUB: HWalign=64, Order=0-3, MinObjects=0, CPUs=1, Nodes=1
[    0.000000] Kernel/User page tables isolation: enabled
[    0.000000] ftrace: allocating 39453 entries in 155 pages
[    0.004000] Hierarchical RCU implementation.
[    0.004000] 	RCU restricting CPUs from NR_CPUS=8192 to nr_cpu_ids=1.
[    0.004000] 	Tasks RCU enabled.
[    0.004000] RCU: Adjusting geometry for rcu_fanout_leaf=16, nr_cpu_ids=1
[    0.004000] NR_IRQS: 524544, nr_irqs: 256, preallocated irqs: 16
[    0.004000] Console: colour VGA+ 80x25
[    0.004000] console [tty1] enabled
[    0.004000] console [ttyS0] enabled
[    0.004000] ACPI: Core revision 20170831
[    0.004000] ACPI: 2 ACPI AML tables successfully acquired and loaded
[    0.004000] APIC: Switch to symmetric I/O mode setup
[    0.004000] x2apic enabled
[    0.004000] Switched APIC routing to physical x2apic.
[    0.004000] ..TIMER: vector=0x30 apic1=0 pin1=2 apic2=-1 pin2=-1
[    0.004003] tsc: Detected 2591.996 MHz processor
[    0.004663] Calibrating delay loop (skipped) preset value.. 5183.99 BogoMIPS (lpj=10367984)
[    0.005259] pid_max: default: 32768 minimum: 301
[    0.005984] Security Framework initialized
[    0.006587] Yama: becoming mindful.
[    0.007122] AppArmor: AppArmor initialized
[    0.009215] Dentry cache hash table entries: 262144 (order: 9, 2097152 bytes)
[    0.011388] Inode-cache hash table entries: 131072 (order: 8, 1048576 bytes)
[    0.012012] Mount-cache hash table entries: 4096 (order: 3, 32768 bytes)
[    0.012937] Mountpoint-cache hash table entries: 4096 (order: 3, 32768 bytes)
[    0.014278] process: using mwait in idle threads
[    0.014985] Last level iTLB entries: 4KB 64, 2MB 8, 4MB 8
[    0.016001] Last level dTLB entries: 4KB 64, 2MB 0, 4MB 0, 1GB 4
[    0.016980] Spectre V1 : Mitigation: usercopy/swapgs barriers and __user pointer sanitization
[    0.018351] Spectre V2 : Mitigation: Full generic retpoline
[    0.019238] Spectre V2 : Spectre v2 / SpectreRSB mitigation: Filling RSB on context switch
[    0.020001] Speculative Store Bypass: Vulnerable
[    0.020728] SRBDS: Unknown: Dependent on hypervisor status
[    0.021606] MDS: Mitigation: Clear CPU buffers
[    0.031296] Freeing SMP alternatives memory: 36K
[    0.141935] smpboot: CPU0: Intel(R) Core(TM) i7-9750H CPU @ 2.60GHz (family: 0x6, model: 0x9e, stepping: 0xa)
[    0.143643] Performance Events: unsupported p6 CPU model 158 no PMU driver, software events only.
[    0.144000] Hierarchical SRCU implementation.
[    0.144242] NMI watchdog: Perf event create on CPU 0 failed with -2
[    0.145207] NMI watchdog: Perf NMI watchdog permanently disabled
[    0.146323] smp: Bringing up secondary CPUs ...
[    0.147140] smp: Brought up 1 node, 1 CPU
[    0.148000] smpboot: Max logical packages: 1
[    0.148001] smpboot: Total of 1 processors activated (5183.99 BogoMIPS)
[    0.149258] devtmpfs: initialized
[    0.149848] x86/mm: Memory block size: 128MB
[    0.150873] evm: security.selinux
[    0.152003] evm: security.SMACK64
[    0.152901] evm: security.SMACK64EXEC
[    0.153629] evm: security.SMACK64TRANSMUTE
[    0.154353] evm: security.SMACK64MMAP
[    0.155010] evm: security.apparmor
[    0.155622] evm: security.ima
[    0.156002] evm: security.capability
[    0.156755] clocksource: jiffies: mask: 0xffffffff max_cycles: 0xffffffff, max_idle_ns: 7645041785100000 ns
[    0.158544] futex hash table entries: 256 (order: 2, 16384 bytes)
[    0.159619] pinctrl core: initialized pinctrl subsystem
[    0.160079] RTC time:  5:46:57, date: 06/08/21
[    0.160963] NET: Registered protocol family 16
[    0.162019] audit: initializing netlink subsys (disabled)
[    0.164093] cpuidle: using governor ladder
[    0.164873] cpuidle: using governor menu
[    0.165553] ACPI: bus type PCI registered
[    0.166270] acpiphp: ACPI Hot Plug PCI Controller Driver version: 0.5
[    0.167302] PCI: Using configuration type 1 for base access
[    0.168023] audit: type=2000 audit(1623131222.691:1): state=initialized audit_enabled=0 res=1
[    0.170404] HugeTLB registered 2.00 MiB page size, pre-allocated 0 pages
[    0.172117] ACPI: Added _OSI(Module Device)
[    0.172912] ACPI: Added _OSI(Processor Device)
[    0.173705] ACPI: Added _OSI(3.0 _SCP Extensions)
[    0.174492] ACPI: Added _OSI(Processor Aggregator Device)
[    0.175365] ACPI: Added _OSI(Linux-Dell-Video)
[    0.176005] ACPI: Added _OSI(Linux-Lenovo-NV-HDMI-Audio)
[    0.176959] ACPI: Added _OSI(Linux-HPI-Hybrid-Graphics)
[    0.178267] ACPI: Executed 1 blocks of module-level executable AML code
[    0.182789] ACPI: Interpreter enabled
[    0.183710] ACPI: (supports S0 S5)
[    0.184002] ACPI: Using IOAPIC for interrupt routing
[    0.185099] PCI: Using host bridge windows from ACPI; if necessary, use "pci=nocrs" and report a bug
[    0.186778] ACPI: Enabled 2 GPEs in block 00 to 07
[    0.194754] ACPI: PCI Root Bridge [PCI0] (domain 0000 [bus 00-ff])
[    0.195802] acpi PNP0A03:00: _OSC: OS supports [ASPM ClockPM Segments MSI]
[    0.196505] acpi PNP0A03:00: _OSC: not requesting OS control; OS requires [ExtendedConfig ASPM ClockPM MSI]
[    0.198213] acpi PNP0A03:00: fail to add MMCONFIG information, can't access extended PCI configuration space under this bridge.
[    0.200352] PCI host bridge to bus 0000:00
[    0.201193] pci_bus 0000:00: root bus resource [io  0x0000-0x0cf7 window]
[    0.202417] pci_bus 0000:00: root bus resource [io  0x0d00-0xffff window]
[    0.204002] pci_bus 0000:00: root bus resource [mem 0x000a0000-0x000bffff window]
[    0.205186] pci_bus 0000:00: root bus resource [mem 0x80000000-0xfdffffff window]
[    0.206393] pci_bus 0000:00: root bus resource [bus 00-ff]
[    0.209611] pci 0000:00:01.1: legacy IDE quirk: reg 0x10: [io  0x01f0-0x01f7]
[    0.210873] pci 0000:00:01.1: legacy IDE quirk: reg 0x14: [io  0x03f6]
[    0.212000] pci 0000:00:01.1: legacy IDE quirk: reg 0x18: [io  0x0170-0x0177]
[    0.212002] pci 0000:00:01.1: legacy IDE quirk: reg 0x1c: [io  0x0376]
[    0.226179] pci 0000:00:07.0: quirk: [io  0x4000-0x403f] claimed by PIIX4 ACPI
[    0.227408] pci 0000:00:07.0: quirk: [io  0x4100-0x410f] claimed by PIIX4 SMB
[    0.235930] ACPI: PCI Interrupt Link [LNKA] (IRQs 5 9 10 *11)
[    0.236313] ACPI: PCI Interrupt Link [LNKB] (IRQs 5 9 *10 11)
[    0.237461] ACPI: PCI Interrupt Link [LNKC] (IRQs 5 *9 10 11)
[    0.238601] ACPI: PCI Interrupt Link [LNKD] (IRQs 5 9 10 *11)
[    0.240230] SCSI subsystem initialized
[    0.241019] pci 0000:00:02.0: vgaarb: setting as boot VGA device
[    0.242042] pci 0000:00:02.0: vgaarb: VGA device added: decodes=io+mem,owns=io+mem,locks=none
[    0.243400] pci 0000:00:02.0: vgaarb: bridge control possible
[    0.244001] vgaarb: loaded
[    0.244526] ACPI: bus type USB registered
[    0.245196] usbcore: registered new interface driver usbfs
[    0.246059] usbcore: registered new interface driver hub
[    0.246970] usbcore: registered new device driver usb
[    0.248034] EDAC MC: Ver: 3.0.0
[    0.248808] PCI: Using ACPI for IRQ routing
[    0.249775] NetLabel: Initializing
[    0.250364] NetLabel:  domain hash size = 128
[    0.251170] NetLabel:  protocols = UNLABELED CIPSOv4 CALIPSO
[    0.252018] NetLabel:  unlabeled traffic allowed by default
[    0.253060] clocksource: Switched to clocksource kvm-clock
[    0.263949] VFS: Disk quotas dquot_6.6.0
[    0.264688] VFS: Dquot-cache hash table entries: 512 (order 0, 4096 bytes)
[    0.265937] AppArmor: AppArmor Filesystem Enabled
[    0.266796] pnp: PnP ACPI init
[    0.268359] pnp: PnP ACPI: found 3 devices
[    0.274373] clocksource: acpi_pm: mask: 0xffffff max_cycles: 0xffffff, max_idle_ns: 2085701024 ns
[    0.276043] NET: Registered protocol family 2
[    0.277008] TCP established hash table entries: 16384 (order: 5, 131072 bytes)
[    0.278257] TCP bind hash table entries: 16384 (order: 6, 262144 bytes)
[    0.279367] TCP: Hash tables configured (established 16384 bind 16384)
[    0.280563] UDP hash table entries: 1024 (order: 3, 32768 bytes)
[    0.281499] UDP-Lite hash table entries: 1024 (order: 3, 32768 bytes)
[    0.282564] NET: Registered protocol family 1
[    0.283274] pci 0000:00:00.0: Limiting direct PCI/PCI transfers
[    0.284383] pci 0000:00:01.0: Activating ISA DMA hang workarounds
[    0.285456] pci 0000:00:02.0: Video device with shadowed ROM at [mem 0x000c0000-0x000dffff]
[    0.287036] Unpacking initramfs...
[    0.556710] Freeing initrd memory: 20384K
[    0.557477] clocksource: tsc: mask: 0xffffffffffffffff max_cycles: 0x255cb30caa3, max_idle_ns: 440795217292 ns
[    0.559018] platform rtc_cmos: registered platform RTC device (no PNP device found)
[    0.560313] Scanning for low memory corruption every 60 seconds
[    0.561678] Initialise system trusted keyrings
[    0.562482] Key type blacklist registered
[    0.563201] workingset: timestamp_bits=36 max_order=19 bucket_order=0
[    0.565183] zbud: loaded
[    0.566089] squashfs: version 4.0 (2009/01/31) Phillip Lougher
[    0.567183] fuse init (API version 7.26)
[    0.568448] Key type asymmetric registered
[    0.569184] Asymmetric key parser 'x509' registered
[    0.570135] Block layer SCSI generic (bsg) driver version 0.4 loaded (major 246)
[    0.571468] io scheduler noop registered
[    0.572193] io scheduler deadline registered
[    0.573021] io scheduler cfq registered (default)
[    0.574013] ACPI: AC Adapter [AC] (on-line)
[    0.575025] input: Power Button as /devices/LNXSYSTM:00/LNXPWRBN:00/input/input0
[    0.576566] ACPI: Power Button [PWRF]
[    0.577258] input: Sleep Button as /devices/LNXSYSTM:00/LNXSLPBN:00/input/input1
[    0.578488] ACPI: Sleep Button [SLPF]
[    0.579886] ACPI: Battery Slot [BAT0] (battery present)
[    0.580896] Serial: 8250/16550 driver, 32 ports, IRQ sharing enabled
[    0.602680] 00:02: ttyS0 at I/O 0x3f8 (irq = 4, base_baud = 115200) is a 16550A
[    0.605841] Linux agpgart interface v0.103
[    0.607951] loop: module loaded
[    0.609174] scsi host0: ata_piix
[    0.610049] scsi host1: ata_piix
[    0.610734] ata1: PATA max UDMA/33 cmd 0x1f0 ctl 0x3f6 bmdma 0xd000 irq 14
[    0.612232] ata2: PATA max UDMA/33 cmd 0x170 ctl 0x376 bmdma 0xd008 irq 15
[    0.614173] libphy: Fixed MDIO Bus: probed
[    0.615009] tun: Universal TUN/TAP device driver, 1.6
[    0.615936] PPP generic driver version 2.4.2
[    0.616788] ehci_hcd: USB 2.0 'Enhanced' Host Controller (EHCI) Driver
[    0.618502] ehci-pci: EHCI PCI platform driver
[    0.619513] ehci-platform: EHCI generic platform driver
[    0.620491] ohci_hcd: USB 1.1 'Open' Host Controller (OHCI) Driver
[    0.621701] ohci-pci: OHCI PCI platform driver
[    0.622842] ohci-platform: OHCI generic platform driver
[    0.623954] uhci_hcd: USB Universal Host Controller Interface driver
[    0.625598] i8042: PNP: PS/2 Controller [PNP0303:PS2K,PNP0f03:PS2M] at 0x60,0x64 irq 1,12
[    0.627665] serio: i8042 KBD port at 0x60,0x64 irq 1
[    0.628702] serio: i8042 AUX port at 0x60,0x64 irq 12
[    0.629688] mousedev: PS/2 mouse device common for all mice
[    0.631009] input: AT Translated Set 2 keyboard as /devices/platform/i8042/serio0/input/input2
[    0.632870] rtc_cmos rtc_cmos: rtc core: registered rtc_cmos as rtc0
[    0.634344] rtc_cmos rtc_cmos: alarms up to one day, 114 bytes nvram
[    0.635450] i2c /dev entries driver
[    0.636183] device-mapper: uevent: version 1.0.3
[    0.637280] device-mapper: ioctl: 4.37.0-ioctl (2017-09-20) initialised: dm-devel@redhat.com
[    0.639181] ledtrig-cpu: registered to indicate activity on CPUs
[    0.640350] intel_pmc_core:  initialized
[    0.641232] NET: Registered protocol family 10
[    0.644663] Segment Routing with IPv6
[    0.645336] NET: Registered protocol family 17
[    0.646226] Key type dns_resolver registered
[    0.647090] mce: Using 0 MCE banks
[    0.647771] RAS: Correctable Errors collector initialized.
[    0.648979] sched_clock: Marking stable (648960639, 0)->(805866186, -156905547)
[    0.650707] registered taskstats version 1
[    0.651381] Loading compiled-in X.509 certificates
[    0.653697] Loaded X.509 cert 'Build time autogenerated kernel key: 1e5516648b223d94d04ce7d99e6048c9b3ebcb77'
[    0.655730] Loaded X.509 cert 'Canonical Ltd. Live Patch Signing: 14df34d1a87cf37625abec039ef2bf521249b969'
[    0.657786] Loaded X.509 cert 'Canonical Ltd. Kernel Module Signing: 88f752e560a1e0737e31163a466ad7b70a850c19'
[    0.659425] zswap: loaded using pool lzo/zbud
[    0.662288] Key type big_key registered
[    0.662971] Key type trusted registered
[    0.664616] Key type encrypted registered
[    0.665271] AppArmor: AppArmor sha1 policy hashing enabled
[    0.666228] ima: No TPM chip found, activating TPM-bypass! (rc=-19)
[    0.667345] ima: Allocated hash algorithm: sha1
[    0.668157] evm: HMAC attrs: 0x1
[    0.668975]   Magic number: 9:364:769
[    0.669644] mem kmsg: hash matches
[    0.670238] pci 0000:00:05.0: hash matches
[    0.670957] rtc_cmos rtc_cmos: setting system clock to 2021-06-08 05:46:58 UTC (1623131218)
[    0.672397] BIOS EDD facility v0.16 2004-Jun-25, 0 devices found
[    0.673386] EDD information not available.
[    0.797249] Freeing unused kernel image memory: 2448K
[    0.805013] Write protecting the kernel read-only data: 20480k
[    0.806287] Freeing unused kernel image memory: 2008K
[    0.807473] Freeing unused kernel image memory: 1828K
[    0.815750] x86/mm: Checked W+X mappings: passed, no W+X pages found.
[    0.816753] x86/mm: Checking user space page tables
[    0.824825] x86/mm: Checked W+X mappings: passed, no W+X pages found.
Loading, please wait...
starting version 237
[    0.907796] e1000: Intel(R) PRO/1000 Network Driver - version 7.3.21-k8-NAPI
[    0.909074] e1000: Copyright (c) 1999-2006 Intel Corporation.
[    0.913287] Fusion MPT base driver 3.04.20
[    0.913984] Copyright (c) 1999-2008 LSI Corporation
[    0.922316] Fusion MPT SPI Host driver 3.04.20
[    0.933296] mptbase: ioc0: Initiating bringup
[    0.939243] AVX2 version of gcm_enc/dec engaged.
[    0.940007] AES CTR mode by8 optimization enabled
[    1.028656] ioc0: LSI53C1030 A0: Capabilities={Initiator}
[    1.121333] input: ImExPS/2 Generic Explorer Mouse as /devices/platform/i8042/serio1/input/input4
[    1.270432] scsi host2: ioc0: LSI53C1030 A0, FwRev=00000000h, Ports=1, MaxQ=256, IRQ=20
[    1.436854] scsi 2:0:0:0: Direct-Access     VBOX     HARDDISK         1.0  PQ: 0 ANSI: 5
[    1.438235] scsi target2:0:0: Beginning Domain Validation
[    1.442023] scsi target2:0:0: Domain Validation skipping write tests
[    1.443093] scsi target2:0:0: Ending Domain Validation
[    1.443874] scsi target2:0:0: asynchronous
[    1.444753] scsi 2:0:1:0: Direct-Access     VBOX     HARDDISK         1.0  PQ: 0 ANSI: 5
[    1.446283] scsi target2:0:1: Beginning Domain Validation
[    1.447294] random: fast init done
[    1.449710] scsi target2:0:1: Domain Validation skipping write tests
[    1.450619] scsi target2:0:1: Ending Domain Validation
[    1.451659] scsi target2:0:1: asynchronous
[    1.455798] random: systemd-udevd: uninitialized urandom read (16 bytes read)
[    1.457233] random: systemd-udevd: uninitialized urandom read (16 bytes read)
[    1.458423] random: systemd-udevd: uninitialized urandom read (16 bytes read)
[    1.460073] sd 2:0:0:0: Attached scsi generic sg0 type 0
[    1.461305] sd 2:0:0:0: [sda] 83886080 512-byte logical blocks: (42.9 GB/40.0 GiB)
[    1.462667] sd 2:0:1:0: Attached scsi generic sg1 type 0
[    1.463577] sd 2:0:0:0: [sda] Write Protect is off
[    1.464456] sd 2:0:1:0: [sdb] 20480 512-byte logical blocks: (10.5 MB/10.0 MiB)
[    1.466271] sd 2:0:1:0: [sdb] Write Protect is off
[    1.467241] sd 2:0:0:0: [sda] Incomplete mode parameter data
[    1.468297] sd 2:0:0:0: [sda] Assuming drive cache: write through
[    1.469643] sd 2:0:1:0: [sdb] Incomplete mode parameter data
[    1.470613] sd 2:0:1:0: [sdb] Assuming drive cache: write through
[    1.484851]  sda: sda1
[    1.498340] sd 2:0:0:0: [sda] Attached SCSI disk
[    1.520303] sd 2:0:1:0: [sdb] Attached SCSI disk
[    1.816573] e1000 0000:00:03.0 eth0: (PCI:33MHz:32-bit) 02:79:d1:66:99:96
[    1.817659] e1000 0000:00:03.0 eth0: Intel(R) PRO/1000 Network Connection
[    2.179796] e1000 0000:00:08.0 eth1: (PCI:33MHz:32-bit) 08:00:27:13:b3:6a
[    2.180903] e1000 0000:00:08.0 eth1: Intel(R) PRO/1000 Network Connection
[    2.182877] e1000 0000:00:08.0 enp0s8: renamed from eth1
[    2.185181] e1000 0000:00:03.0 enp0s3: renamed from eth0
Begin: Loading essential drivers ... [    3.580271] raid6: sse2x1   gen() 14054 MB/s
[    3.628089] raid6: sse2x1   xor() 10189 MB/s
[    3.676422] raid6: sse2x2   gen() 17500 MB/s
[    3.724228] raid6: sse2x2   xor() 11534 MB/s
[    3.772099] raid6: sse2x4   gen() 20257 MB/s
[    3.820295] raid6: sse2x4   xor() 11557 MB/s
[    3.868187] raid6: avx2x1   gen() 25799 MB/s
[    3.916509] raid6: avx2x1   xor() 19334 MB/s
[    3.964328] raid6: avx2x2   gen() 32203 MB/s
[    4.012154] raid6: avx2x2   xor() 19716 MB/s
[    4.060457] raid6: avx2x4   gen() 39458 MB/s
[    4.108280] raid6: avx2x4   xor() 23361 MB/s
[    4.109018] raid6: using algorithm avx2x4 gen() 39458 MB/s
[    4.109953] raid6: .... xor() 23361 MB/s, rmw enabled
[    4.110835] raid6: using avx2x2 recovery algorithm
[    4.113039] xor: automatically using best checksumming function   avx       
[    4.115241] async_tx: api initialized (async)
done.
Begin: Running /scripts/init-premount ... done.
Begin: Mounting root file system ... Begin: Running /scripts/local-top ... done.
Begin: Running /scripts/local-premount ... [    4.158545] Btrfs loaded, crc32c=crc32c-intel
Scanning for Btrfs filesystems
done.
Begin: Will now check root file system ... fsck from util-linux 2.31.1
[/sbin/fsck.ext4 (1) -- /dev/sda1] fsck.ext4 -a -C0 /dev/sda1 
cloudimg-rootfs: recovering journal
cloudimg-rootfs: Clearing orphaned inode 516908 (uid=1000, gid=1000, mode=0100664, size=0)
cloudimg-rootfs: Clearing orphaned inode 514849 (uid=1000, gid=1000, mode=0100664, size=0)
cloudimg-rootfs: clean, 315869/5120000 files, 2665374/10485499 blocks
done.
[    4.382726] EXT4-fs (sda1): mounted filesystem with ordered data mode. Opts: (null)
done.
Begin: Running /scripts/local-bottom ... done.
Begin: Running /scripts/init-bottom ... done.
[    4.553616] ip_tables: (C) 2000-2006 Netfilter Core Team
[    4.562301] systemd[1]: systemd 237 running in system mode. (+PAM +AUDIT +SELINUX +IMA +APPARMOR +SMACK +SYSVINIT +UTMP +LIBCRYPTSETUP +GCRYPT +GNUTLS +ACL +XZ +LZ4 +SECCOMP +BLKID +ELFUTILS +KMOD -IDN2 +IDN -PCRE2 default-hierarchy=hybrid)
[    4.565895] systemd[1]: Detected virtualization oracle.
[    4.566910] systemd[1]: Detected architecture x86-64.

Welcome to [1mUbuntu 18.04.5 LTS[0m!

[    4.581883] systemd[1]: Set hostname to <ubuntu-bionic>.
[    4.860110] systemd[1]: Reached target User and Group Name Lookups.
[[0;32m  OK  [0m] Reached target User and Group Name Lookups.
[    4.872941] systemd[1]: Created slice System Slice.
[[0;32m  OK  [0m] Created slice System Slice.
[    4.884411] systemd[1]: Listening on Journal Socket.
[[0;32m  OK  [0m] Listening on Journal Socket.
[    4.897631] systemd[1]: Mounting Kernel Debug File System...
         Mounting Kernel Debug File System...
[    4.900908] systemd[1]: Started Forward Password Requests to Wall Directory Watch.
[[0;32m  OK  [0m] Started Forward Password Requests to Wall Directory Watch.
[    4.905083] systemd[1]: Created slice system-serial\x2dgetty.slice.
[[0;32m  OK  [0m] Created slice system-serial\x2dgetty.slice.
[[0;32m  OK  [0m] Listening on fsck to fsckd communication Socket.
         Starting Remount Root and Kernel File Systems...
[[0;32m  OK  [0m] Listening on Device-mapper event daemon FIFOs.
         Mounting POSIX Message Queue File System...
[[0;32m  OK  [0m] Listening on udev Kernel Socket.
[[0;32m  OK  [0m] Listening on LVM2 metadata daemon socket.
         Starting Monitoring of LVM2 mirrors…ng dmeventd or progress polling...
         Starting Set the console keyboard layout...
[[0;32m  OK  [0m] Listening on Network Service Netlink Socket.
[[0;32m  OK  [0m] Listening on Journal Audit Socket.
[[0;32m  OK  [0m] Set up automount Arbitrary Executab…rmats File System Automount Point.
[    4.951131] EXT4-fs (sda1): re-mounted. Opts: (null)
         Starting Create list of required st…ce nodes for the current kernel...
[[0;32m  OK  [0m] Listening on Journal Socket (/dev/log).
         Mounting Huge Pages File System...
         Starting Load Kernel Modules...
[[0;32m  OK  [0m] Reached target Swap.
[    5.003773] Loading iSCSI transport class v2.0-870.
[[0;32m  OK  [0m] Listening on LVM2 poll daemon socket.
[    5.010340] iscsi: registered transport (tcp)
[[0;32m  OK  [0m] Listening on Syslog Socket.
[    5.027945] iscsi: registered transport (iser)
         Starting Journal Service...
[[0;32m  OK  [0m] Listening on /dev/initctl Compatibility Named Pipe.
[[0;32m  OK  [0m] Reached target System Time Synchronized.
[[0;32m  OK  [0m] Listening on udev Control Socket.
         Starting udev Coldplug all Devices...
[[0;32m  OK  [0m] Created slice User and Session Slice.
[[0;32m  OK  [0m] Reached target Slices.
         Starting Uncomplicated firewall...
[[0;32m  OK  [0m] Started Journal Service.
[[0;32m  OK  [0m] Mounted Kernel Debug File System.
[[0;32m  OK  [0m] Started Remount Root and Kernel File Systems.
[[0;32m  OK  [0m] Mounted POSIX Message Queue File System.
[[0;32m  OK  [0m] Started Set the console keyboard layout.
[[0;32m  OK  [0m] Started Create list of required sta…vice nodes for the current kernel.
[[0;32m  OK  [0m] Mounted Huge Pages File System.
[[0;32m  OK  [0m] Started Load Kernel Modules.
[[0;32m  OK  [0m] Started Uncomplicated firewall.
[[0;32m  OK  [0m] Started LVM2 metadata daemon.
         Mounting Kernel Configuration File System...
         Mounting FUSE Control File System...
         Starting Apply Kernel Variables...
         Starting Create Static Device Nodes in /dev...
         Starting Load/Save Random Seed...
         Starting Flush Journal to Persistent Storage...
[[0;32m  OK  [0m] Started Monitoring of LVM2 mirrors,…sing dmeventd or progress polling.
[[0;32m  OK  [0m] Started udev Coldplug all Devices.
[[0;32m  OK  [0m] Mounted Kernel Configuration File System.
[[0;32m  OK  [0m] Mounted FUSE Control File System.
[[0;32m  OK  [0m] Started Apply Kernel Variables.
[[0;32m  OK  [0m] Started Create Static Device Nodes in /dev.
[[0;32m  OK  [0m] Started Load/Save Random Seed.
         Starting udev Kernel Device Manager...
[[0;32m  OK  [0m] Reached target Local File Systems (Pre).
[[0;32m  OK  [0m] Reached target Local File Systems.
         Starting Set console font and keymap...
         Starting ebtables ruleset management...
         Starting Tell Plymouth To Write Out Runtime Data...
         Starting AppArmor initialization...
         Mounting /vagrant...
[[0;32m  OK  [0m] Started Set console font and keymap.
[[0;32m  OK  [0m] Started udev Kernel Device Manager.
[[0;32m  OK  [0m] Started Dispatch Password Requests to Console Directory Watch.
[[0;32m  OK  [0m] Reached target Local Encrypted Volumes.
[[0;32m  OK  [0m] Started Tell Plymouth To Write Out Runtime Data.
[[0;32m  OK  [0m] Mounted /vagrant.
[[0;32m  OK  [0m] Started ebtables ruleset management.
[[0;32m  OK  [0m] Started Flush Journal to Persistent Storage.
         Starting Create Volatile Files and Directories...
[[0;32m  OK  [0m] Started Create Volatile Files and Directories.
         Starting Update UTMP about System Boot/Shutdown...
[[0;32m  OK  [0m] Started Update UTMP about System Boot/Shutdown.
[[0;32m  OK  [0m] Found device /dev/ttyS0.
[[0;32m  OK  [0m] Started AppArmor initialization.
         Starting Initial cloud-init job (pre-networking)...
         Starting Load AppArmor profiles managed internally by snapd...
[[0;32m  OK  [0m] Started Load AppArmor profiles managed internally by snapd.
[[0;32m  OK  [0m] Listening on Load/Save RF Kill Switch Status /dev/rfkill Watch.
[    7.070817] cloud-init[550]: Cloud-init v. 21.1-19-gbad84ad4-0ubuntu1~18.04.2 running 'init-local' at Tue, 08 Jun 2021 05:47:04 +0000. Up 6.88 seconds.
[[0;32m  OK  [0m] Started Initial cloud-init job (pre-networking).
[[0;32m  OK  [0m] Reached target Network (Pre).
         Starting Network Service...
[[0;32m  OK  [0m] Started Network Service.
         Starting Wait for Network to be Configured...
         Starting Network Name Resolution...
[[0;32m  OK  [0m] Started Network Name Resolution.
[[0;32m  OK  [0m] Reached target Host and Network Name Lookups.
[[0;32m  OK  [0m] Reached target Network.
[[0;32m  OK  [0m] Started Wait for Network to be Configured.
         Starting Initial cloud-init job (metadata service crawler)...
[    9.705369] cloud-init[678]: Cloud-init v. 21.1-19-gbad84ad4-0ubuntu1~18.04.2 running 'init' at Tue, 08 Jun 2021 05:47:07 +0000. Up 9.52 seconds.
[    9.716470] cloud-init[678]: ci-info: ++++++++++++++++++++++++++++++++++++++Net device info+++++++++++++++++++++++++++++++++++++++
[    9.717246] cloud-init[678]: ci-info: +--------+------+-----------------------------+---------------+--------+-------------------+
[    9.718177] cloud-init[678]: ci-info: | Device |  Up  |           Address           |      Mask     | Scope  |     Hw-Address    |
[    9.719557] cloud-init[678]: ci-info: +--------+------+-----------------------------+---------------+--------+-------------------+
[    9.720910] cloud-init[678]: ci-info: | enp0s3 | True |          10.0.2.15          | 255.255.255.0 | global | 02:79:d1:66:99:96 |
[    9.728128] cloud-init[678]: ci-info: | enp0s3 | True |  fe80::79:d1ff:fe66:9996/64 |       .       |  link  | 02:79:d1:66:99:96 |
[    9.729193] cloud-init[678]: ci-info: | enp0s8 | True |        192.168.33.20        | 255.255.255.0 | global | 08:00:27:13:b3:6a |
[    9.730533] cloud-init[678]: ci-info: | enp0s8 | True | fe80::a00:27ff:fe13:b36a/64 |       .       |  link  | 08:00:27:13:b3:6a |
[    9.732308] cloud-init[678]: ci-info: |   lo   | True |          127.0.0.1          |   255.0.0.0   |  host  |         .         |
[    9.735763] cloud-init[678]: ci-info: |   lo   | True |           ::1/128           |       .       |  host  |         .         |
[    9.737946] cloud-init[678]: ci-info: +--------+------+-----------------------------+---------------+--------+-------------------+
[    9.739497] cloud-init[678]: ci-info: +++++++++++++++++++++++++++++Route IPv4 info+++++++++++++++++++++++++++++
[    9.740944] cloud-init[678]: ci-info: +-------+--------------+----------+-----------------+-----------+-------+
[    9.742465] cloud-init[678]: ci-info: | Route | Destination  | Gateway  |     Genmask     | Interface | Flags |
[    9.744637] cloud-init[678]: ci-info: +-------+--------------+----------+-----------------+-----------+-------+
[    9.748210] cloud-init[678]: ci-info: |   0   |   0.0.0.0    | 10.0.2.2 |     0.0.0.0     |   enp0s3  |   UG  |
[    9.749771] cloud-init[678]: ci-info: |   1   |   10.0.2.0   | 0.0.0.0  |  255.255.255.0  |   enp0s3  |   U   |
[    9.752524] cloud-init[678]: ci-info: |   2   |   10.0.2.2   | 0.0.0.0  | 255.255.255.255 |   enp0s3  |   UH  |
[    9.753683] cloud-init[678]: ci-info: |   3   | 192.168.33.0 | 0.0.0.0  |  255.255.255.0  |   enp0s8  |   U   |
[    9.754925] cloud-init[678]: ci-info: +-------+--------------+----------+-----------------+-----------+-------+
[    9.757489] cloud-init[678]: ci-info: +++++++++++++++++++Route IPv6 info+++++++++++++++++++
[    9.758523] cloud-init[678]: ci-info: +-------+-------------+---------+-----------+-------+
[    9.762516] cloud-init[678]: ci-info: | Route | Destination | Gateway | Interface | Flags |
[    9.772136] cloud-init[678]: ci-info: +-------+-------------+---------+-----------+-------+
[    9.784119] cloud-init[678]: ci-info: |   1   |  fe80::/64  |    ::   |   enp0s8  |   U   |
[    9.796441] cloud-init[678]: ci-info: |   2   |  fe80::/64  |    ::   |   enp0s3  |   U   |
[    9.797016] cloud-init[678]: ci-info: |   4   |    local    |    ::   |   enp0s3  |   U   |
[    9.808256] cloud-init[678]: ci-info: |   5   |    local    |    ::   |   enp0s8  |   U   |
[    9.820366] cloud-init[678]: ci-info: |   6   |   ff00::/8  |    ::   |   enp0s8  |   U   |
[    9.824597] cloud-init[678]: ci-info: |   7   |   ff00::/8  |    ::   |   enp0s3  |   U   |
[    9.826325] cloud-init[678]: ci-info: +-------+-------------+---------+-----------+-------+
[[0;32m  OK  [0m] Started Initial cloud-init job (metadata service crawler).
[[0;32m  OK  [0m] Reached target Cloud-config availability.
[[0;32m  OK  [0m] Reached target Network is Online.
         Starting Availability of block devices...
[[0;32m  OK  [0m] Reached target Remote File Systems (Pre).
[[0;32m  OK  [0m] Reached target Remote File Systems.
[[0;32m  OK  [0m] Reached target System Initialization.
[[0;32m  OK  [0m] Started ACPI Events Check.
[[0;32m  OK  [0m] Reached target Paths.
[[0;32m  OK  [0m] Started Discard unused blocks once a week.
         Starting Socket activation for snappy daemon.
         Starting LXD - unix socket.
[[0;32m  OK  [0m] Listening on Open-iSCSI iscsid Socket.
[[0;32m  OK  [0m] Listening on ACPID Listen Socket.
[[0;32m  OK  [0m] Started Daily Cleanup of Temporary Directories.
[[0;32m  OK  [0m] Started Daily apt download activities.
[[0;32m  OK  [0m] Started Daily apt upgrade and clean activities.
[[0;32m  OK  [0m] Started Ubuntu Advantage update messaging.
[[0;32m  OK  [0m] Listening on UUID daemon activation socket.
[[0;32m  OK  [0m] Listening on D-Bus System Message Bus Socket.
         Starting Docker Socket for the API.
[[0;32m  OK  [0m] Started Message of the Day.
[[0;32m  OK  [0m] Reached target Timers.
[[0;32m  OK  [0m] Started Availability of block devices.
[[0;32m  OK  [0m] Listening on Socket activation for snappy daemon.
[[0;32m  OK  [0m] Listening on LXD - unix socket.
[[0;32m  OK  [0m] Listening on Docker Socket for the API.
[[0;32m  OK  [0m] Reached target Sockets.
[[0;32m  OK  [0m] Reached target Basic System.
[[0;32m  OK  [0m] Started Deferred execution scheduler.
[[0;32m  OK  [0m] Started FUSE filesystem for LXC.
         Starting containerd container runtime...
[[0;32m  OK  [0m] Started D-Bus System Message Bus.
         Starting Login Service...
         Starting LSB: automatic crash report generation...
[[0;32m  OK  [0m] Started irqbalance daemon.
         Starting Permit User Sessions...
         Starting OpenBSD Secure Shell server...
         Starting LXD - container startup/shutdown...
[[0;32m  OK  [0m] Started Regular background program processing daemon.
         Starting Accounts Service...
         Starting System Logging Service...
         Starting LSB: Record successful boot for GRUB...
         Starting Ubuntu Advantage APT and MOTD Messages...
         Starting Virtualbox guest utils...
         Starting Dispatcher daemon for systemd-networkd...
         Starting Snap Daemon...
[[0;32m  OK  [0m] Started System Logging Service.
[[0;32m  OK  [0m] Started Permit User Sessions.
[[0;32m  OK  [0m] Started LXD - container startup/shutdown.
[[0;32m  OK  [0m] Started Login Service.
[[0;32m  OK  [0m] Started Unattended Upgrades Shutdown.
         Starting Terminate Plymouth Boot Screen...
         Starting Hold until boot process finishes up...
[[0;32m  OK  [0m] Started Hold until boot process finishes up.
[[0;32m  OK  [0m] Started OpenBSD Secure Shell server.
[[0;32m  OK  [0m] Started Terminate Plymouth Boot Screen.
         Starting Set console scheme...
[[0;32m  OK  [0m] Started Serial Getty on ttyS0.
[[0;32m  OK  [0m] Started LSB: automatic crash report generation.
[[0;32m  OK  [0m] Started LSB: Record successful boot for GRUB.
[[0;32m  OK  [0m] Started Virtualbox guest utils.
[[0;32m  OK  [0m] Started Set console scheme.
[[0;32m  OK  [0m] Created slice system-getty.slice.
[[0;32m  OK  [0m] Started Getty on tty1.
[[0;32m  OK  [0m] Reached target Login Prompts.
         Starting Authorization Manager...
[[0;32m  OK  [0m] Started Authorization Manager.
[[0;32m  OK  [0m] Started Accounts Service.
[[0;32m  OK  [0m] Started Dispatcher daemon for systemd-networkd.
[[0;32m  OK  [0m] Started Snap Daemon.
         Starting Wait until snapd is fully seeded...
[[0;32m  OK  [0m] Started containerd container runtime.
         Starting Docker Application Container Engine...
[[0;32m  OK  [0m] Started Wait until snapd is fully seeded.
         Starting Apply the settings specified in cloud-config...
[[0;32m  OK  [0m] Started Ubuntu Advantage APT and MOTD Messages.
[[0;32m  OK  [0m] Created slice User Slice of vagrant.
         Starting User Manager for UID 1000...
[[0;32m  OK  [0m] Started Session 1 of user vagrant.
[[0;32m  OK  [0m] Started User Manager for UID 1000.
[   13.057491] cloud-init[1094]: Cloud-init v. 21.1-19-gbad84ad4-0ubuntu1~18.04.2 running 'modules:config' at Tue, 08 Jun 2021 05:47:10 +0000. Up 12.66 seconds.
[[0;32m  OK  [0m] Started Apply the settings specified in cloud-config.
[[0;32m  OK  [0m] Started Docker Application Container Engine.
[[0;32m  OK  [0m] Reached target Multi-User System.
[[0;32m  OK  [0m] Reached target Graphical Interface.
         Starting Execute cloud user/final scripts...
         Starting Update UTMP about System Runlevel Changes...
[[0;32m  OK  [0m] Started Update UTMP about System Runlevel Changes.
[   14.969584] cloud-init[1576]: Cloud-init v. 21.1-19-gbad84ad4-0ubuntu1~18.04.2 running 'modules:final' at Tue, 08 Jun 2021 05:47:12 +0000. Up 14.77 seconds.
[   14.984202] cloud-init[1576]: Cloud-init v. 21.1-19-gbad84ad4-0ubuntu1~18.04.2 finished at Tue, 08 Jun 2021 05:47:12 +0000. Datasource DataSourceNoCloud [seed=/dev/sdb][dsmode=net].  Up 14.95 seconds
[[0;32m  OK  [0m] Started Execute cloud user/final scripts.
[[0;32m  OK  [0m] Reached target Cloud-init target.
         Starting Daily apt download activities...

Ubuntu 18.04.5 LTS ubuntu-bionic ttyS0

ubuntu-bionic login: [[0;32m  OK  [0m] Stopped Unattended Upgrades Shutdown.
         Stopping Session 5 of user vagrant.
[[0;32m  OK  [0m] Stopped target Cloud-init target.
[[0;32m  OK  [0m] Stopped target Timers.
[[0;32m  OK  [0m] Stopped Ubuntu Advantage update messaging.
[[0;32m  OK  [0m] Stopped Daily Cleanup of Temporary Directories.
         Stopping Session 3 of user vagrant.
[[0;32m  OK  [0m] Stopped Discard unused blocks once a week.
         Unmounting /vagrant...
         Stopping Session 7 of user vagrant.
[[0;32m  OK  [0m] Stopped Message of the Day.
         Stopping Authorization Manager...
[[0;32m  OK  [0m] Stopped Daily apt upgrade and clean activities.
[[0;32m  OK  [0m] Stopped Daily apt download activities.
[[0;32m  OK  [0m] Closed Load/Save RF Kill Switch Status /dev/rfkill Watch.
[[0;32m  OK  [0m] Stopped Execute cloud user/final scripts.
[[0;32m  OK  [0m] Stopped Apply the settings specified in cloud-config.
[[0;32m  OK  [0m] Stopped target Host and Network Name Lookups.
         Stopping User Manager for UID 1000...
[[0;32m  OK  [0m] Stopped target Cloud-config availability.
[[0;32m  OK  [0m] Stopped target System Time Synchronized.
[[0;32m  OK  [0m] Stopped target Graphical Interface.
         Stopping Availability of block devices...
[[0;32m  OK  [0m] Stopped target Multi-User System.
         Stopping Docker Application Container Engine...
         Stopping LSB: Record successful boot for GRUB...
         Stopping LXD - container startup/shutdown...
         Stopping Virtualbox guest utils...
         Stopping System Logging Service...
         Stopping LSB: automatic crash report generation...
         Stopping D-Bus System Message Bus...
         Stopping OpenBSD Secure Shell server...
         Stopping Dispatcher daemon for systemd-networkd...
[[0;32m  OK  [0m] Stopped Wait until snapd is fully seeded.
         Stopping Deferred execution scheduler...
         Stopping FUSE filesystem for LXC...
         Stopping Regular background program processing daemon...
[[0;32m  OK  [0m] Stopped target Login Prompts.
         Stopping Getty on tty1...
         Stopping Serial Getty on ttyS0...
         Stopping Accounts Service...
[[0;32m  OK  [0m] Stopped Deferred execution scheduler.
[[0;32m  OK  [0m] Unmounted /var/lib/lxcfs.
[[0;32m  OK  [0m] Stopped Regular background program processing daemon.
[[0;32m  OK  [0m] Stopped Accounts Service.
[[0;32m  OK  [0m] Stopped System Logging Service.
[[0;32m  OK  [0m] Stopped Dispatcher daemon for systemd-networkd.
[[0;32m  OK  [0m] Stopped OpenBSD Secure Shell server.
[[0;32m  OK  [0m] Stopped Serial Getty on ttyS0.
[[0;32m  OK  [0m] Stopped Getty on tty1.
[[0;32m  OK  [0m] Stopped Authorization Manager.
[[0;32m  OK  [0m] Stopped User Manager for UID 1000.
[[0;32m  OK  [0m] Stopped Availability of block devices.
[[0;32m  OK  [0m] Stopped D-Bus System Message Bus.
[[0;32m  OK  [0m] Stopped FUSE filesystem for LXC.
[[0;32m  OK  [0m] Unmounted /vagrant.
[[0;32m  OK  [0m] Stopped Session 5 of user vagrant.
[[0;32m  OK  [0m] Removed slice system-getty.slice.
[[0;32m  OK  [0m] Removed slice system-serial\x2dgetty.slice.
[[0;32m  OK  [0m] Stopped LXD - container startup/shutdown.
[[0;32m  OK  [0m] Stopped Session 3 of user vagrant.
[[0;32m  OK  [0m] Stopped Session 7 of user vagrant.
[[0;32m  OK  [0m] Stopped LSB: Record successful boot for GRUB.
[[0;32m  OK  [0m] Removed slice User Slice of vagrant.
         Stopping Login Service...
         Stopping Permit User Sessions...
[[0;32m  OK  [0m] Stopped Login Service.
[[0;32m  OK  [0m] Stopped Virtualbox guest utils.
[[0;32m  OK  [0m] Stopped LSB: automatic crash report generation.
[[0;32m  OK  [0m] Stopped Permit User Sessions.
[[0;32m  OK  [0m] Stopped target Remote File Systems.
[[0;32m  OK  [0m] Stopped target Remote File Systems (Pre).
[[0;32m  OK  [0m] Stopped target User and Group Name Lookups.
[[0;32m  OK  [0m] Unmounted /run/docker/netns/1b1751497e2e.
[[0;32m  OK  [0m] Unmounted /var/lib/docker/overlay2/…a162f324023a3cb241d424c254/merged.
[[0;32m  OK  [0m] Unmounted /run/docker/netns/21c21c16530d.
[[0;32m  OK  [0m] Unmounted /var/lib/docker/overlay2/…aff44281d5bfd1b21df93edaca/merged.
[[0;32m  OK  [0m] Stopped Docker Application Container Engine.
         Stopping containerd container runtime...
[[0;32m  OK  [0m] Stopped target Network is Online.
[[0;32m  OK  [0m] Stopped containerd container runtime.
[[0;32m  OK  [0m] Stopped target Basic System.
[[0;32m  OK  [0m] Stopped target Paths.
[[0;32m  OK  [0m] Stopped ACPI Events Check.
[[0;32m  OK  [0m] Stopped target Sockets.
[[0;32m  OK  [0m] Closed UUID daemon activation socket.
[[0;32m  OK  [0m] Closed ACPID Listen Socket.
[[0;32m  OK  [0m] Closed Open-iSCSI iscsid Socket.
[[0;32m  OK  [0m] Closed Syslog Socket.
[[0;32m  OK  [0m] Closed D-Bus System Message Bus Socket.
[[0;32m  OK  [0m] Closed Socket activation for snappy daemon.
[[0;32m  OK  [0m] Closed Docker Socket for the API.
[[0;32m  OK  [0m] Closed LXD - unix socket.
[[0;32m  OK  [0m] Stopped target Slices.
[[0;32m  OK  [0m] Removed slice User and Session Slice.
[[0;32m  OK  [0m] Stopped target Network.
         Stopping Network Name Resolution...
[[0;32m  OK  [0m] Stopped target System Initialization.
         Stopping Update UTMP about System Boot/Shutdown...
         Stopping Load/Save Random Seed...
[[0;32m  OK  [0m] Stopped Initial cloud-init job (metadata service crawler).
[[0;32m  OK  [0m] Stopped target Local Encrypted Volumes.
[[0;32m  OK  [0m] Stopped Dispatch Password Requests to Console Directory Watch.
[[0;32m  OK  [0m] Stopped Forward Password Requests to Wall Directory Watch.
[[0;32m  OK  [0m] Stopped Network Name Resolution.
[[0;32m  OK  [0m] Stopped Load/Save Random Seed.
         Stopping Network Service...
[[0;32m  OK  [0m] Stopped Update UTMP about System Boot/Shutdown.
[[0;32m  OK  [0m] Stopped Create Volatile Files and Directories.
[[0;32m  OK  [0m] Stopped target Local File Systems.
         Unmounting /run/user/1000...
[[0;32m  OK  [0m] Stopped Network Service.
[[0;32m  OK  [0m] Stopped target Network (Pre).
[[0;32m  OK  [0m] Stopped Initial cloud-init job (pre-networking).
[[0;32m  OK  [0m] Stopped Apply Kernel Variables.
[[0;32m  OK  [0m] Stopped Load Kernel Modules.
[[0;32m  OK  [0m] Unmounted /run/user/1000.
[[0;32m  OK  [0m] Reached target Unmount All Filesystems.
[[0;32m  OK  [0m] Stopped target Local File Systems (Pre).
         Stopping Monitoring of LVM2 mirrors…ng dmeventd or progress polling...
[[0;32m  OK  [0m] Stopped Remount Root and Kernel File Systems.
[[0;32m  OK  [0m] Stopped Create Static Device Nodes in /dev.
[[0;32m  OK  [0m] Stopped target Swap.
[[0;32m  OK  [0m] Reached target Shutdown.
[[0;32m  OK  [0m] Reached target Final Step.
         Starting Power-Off...
[  525.779652] reboot: Power down
